This is pdfTeX, Version 3.1415926-2.5-1.40.14 (MiKTeX 2.9 64-bit) (preloaded format=pdflatex 2015.3.3)  4 SEP 2016 23:36
entering extended mode
**Dissertation.tex

(C:\Users\lyoneidastu\Documents\GitHub\high-performance-network\Dissertation.te
x
LaTeX2e <2011/06/27>
Babel <v3.8m> and hyphenation patterns for english, afrikaans, ancientgreek, ar
abic, armenian, assamese, basque, bengali, bokmal, bulgarian, catalan, coptic, 
croatian, czech, danish, dutch, esperanto, estonian, farsi, finnish, french, ga
lician, german, german-x-2013-05-26, greek, gujarati, hindi, hungarian, iceland
ic, indonesian, interlingua, irish, italian, kannada, kurmanji, latin, latvian,
 lithuanian, malayalam, marathi, mongolian, mongolianlmc, monogreek, ngerman, n
german-x-2013-05-26, nynorsk, oriya, panjabi, pinyin, polish, portuguese, roman
ian, russian, sanskrit, serbian, slovak, slovenian, spanish, swedish, swissgerm
an, tamil, telugu, turkish, turkmen, ukenglish, ukrainian, uppersorbian, usengl
ishmax, welsh, loaded.
("C:\Program Files\MiKTeX 2.9\tex\latex\base\report.cls"
Document Class: report 2007/10/19 v1.4h Standard LaTeX document class
("C:\Program Files\MiKTeX 2.9\tex\latex\base\size11.clo"
File: size11.clo 2007/10/19 v1.4h Standard LaTeX file (size option)
)
\c@part=\count79
\c@chapter=\count80
\c@section=\count81
\c@subsection=\count82
\c@subsubsection=\count83
\c@paragraph=\count84
\c@subparagraph=\count85
\c@figure=\count86
\c@table=\count87
\abovecaptionskip=\skip41
\belowcaptionskip=\skip42
\bibindent=\dimen102
)
\@input{DissertationDefs.aux}

(C:\Users\lyoneidastu\Documents\GitHub\high-performance-network\DissertationDef
s.tex ("C:\Program Files\MiKTeX 2.9\tex\latex\harvard\harvard.sty"
Package: harvard 

("C:\Program Files\MiKTeX 2.9\tex\latex\base\ifthen.sty"
Package: ifthen 2001/05/26 v1.1c Standard LaTeX ifthen package (DPC)
)
("C:\Program Files\MiKTeX 2.9\tex\latex\latex2html\html.sty"
("C:\Program Files\MiKTeX 2.9\tex\latex\hyperref\hyperref.sty"
Package: hyperref 2012/11/06 v6.83m Hypertext links for LaTeX

("C:\Program Files\MiKTeX 2.9\tex\generic\oberdiek\hobsub-hyperref.sty"
Package: hobsub-hyperref 2012/04/25 v1.12 Bundle oberdiek, subset hyperref (HO)


("C:\Program Files\MiKTeX 2.9\tex\generic\oberdiek\hobsub-generic.sty"
Package: hobsub-generic 2012/04/25 v1.12 Bundle oberdiek, subset generic (HO)
Package: hobsub 2012/04/25 v1.12 Construct package bundles (HO)
Package: infwarerr 2010/04/08 v1.3 Providing info/warning/error messages (HO)
Package: ltxcmds 2011/11/09 v1.22 LaTeX kernel commands for general use (HO)
Package: ifluatex 2010/03/01 v1.3 Provides the ifluatex switch (HO)
Package ifluatex Info: LuaTeX not detected.
Package: ifvtex 2010/03/01 v1.5 Detect VTeX and its facilities (HO)
Package ifvtex Info: VTeX not detected.
Package: intcalc 2007/09/27 v1.1 Expandable calculations with integers (HO)
Package: ifpdf 2011/01/30 v2.3 Provides the ifpdf switch (HO)
Package ifpdf Info: pdfTeX in PDF mode is detected.
Package: etexcmds 2011/02/16 v1.5 Avoid name clashes with e-TeX commands (HO)
Package etexcmds Info: Could not find \expanded.
(etexcmds)             That can mean that you are not using pdfTeX 1.50 or
(etexcmds)             that some package has redefined \expanded.
(etexcmds)             In the latter case, load this package earlier.
Package: kvsetkeys 2012/04/25 v1.16 Key value parser (HO)
Package: kvdefinekeys 2011/04/07 v1.3 Define keys (HO)
Package: pdftexcmds 2011/11/29 v0.20 Utility functions of pdfTeX for LuaTeX (HO
)
Package pdftexcmds Info: LuaTeX not detected.
Package pdftexcmds Info: \pdf@primitive is available.
Package pdftexcmds Info: \pdf@ifprimitive is available.
Package pdftexcmds Info: \pdfdraftmode found.
Package: pdfescape 2011/11/25 v1.13 Implements pdfTeX's escape features (HO)
Package: bigintcalc 2012/04/08 v1.3 Expandable calculations on big integers (HO
)
Package: bitset 2011/01/30 v1.1 Handle bit-vector datatype (HO)
Package: uniquecounter 2011/01/30 v1.2 Provide unlimited unique counter (HO)
)
Package hobsub Info: Skipping package `hobsub' (already loaded).
Package: letltxmacro 2010/09/02 v1.4 Let assignment for LaTeX macros (HO)
Package: hopatch 2011/06/24 v1.1 Wrapper for package hooks (HO)
Package: xcolor-patch 2011/01/30 xcolor patch
Package: atveryend 2011/06/30 v1.8 Hooks at the very end of document (HO)
Package atveryend Info: \enddocument detected (standard20110627).
Package: atbegshi 2011/10/05 v1.16 At begin shipout hook (HO)
Package: refcount 2011/10/16 v3.4 Data extraction from label references (HO)
Package: hycolor 2011/01/30 v1.7 Color options for hyperref/bookmark (HO)
)
("C:\Program Files\MiKTeX 2.9\tex\latex\graphics\keyval.sty"
Package: keyval 1999/03/16 v1.13 key=value parser (DPC)
\KV@toks@=\toks14
)
("C:\Program Files\MiKTeX 2.9\tex\generic\ifxetex\ifxetex.sty"
Package: ifxetex 2010/09/12 v0.6 Provides ifxetex conditional
)
("C:\Program Files\MiKTeX 2.9\tex\latex\oberdiek\auxhook.sty"
Package: auxhook 2011/03/04 v1.3 Hooks for auxiliary files (HO)
)
("C:\Program Files\MiKTeX 2.9\tex\latex\oberdiek\kvoptions.sty"
Package: kvoptions 2011/06/30 v3.11 Key value format for package options (HO)
)
\@linkdim=\dimen103
\Hy@linkcounter=\count88
\Hy@pagecounter=\count89

("C:\Program Files\MiKTeX 2.9\tex\latex\hyperref\pd1enc.def"
File: pd1enc.def 2012/11/06 v6.83m Hyperref: PDFDocEncoding definition (HO)
)
\Hy@SavedSpaceFactor=\count90

("C:\Program Files\MiKTeX 2.9\tex\latex\00miktex\hyperref.cfg"
File: hyperref.cfg 2002/06/06 v1.2 hyperref configuration of TeXLive
)
Package hyperref Info: Hyper figures OFF on input line 4443.
Package hyperref Info: Link nesting OFF on input line 4448.
Package hyperref Info: Hyper index ON on input line 4451.
Package hyperref Info: Plain pages OFF on input line 4458.
Package hyperref Info: Backreferencing OFF on input line 4463.
Package hyperref Info: Implicit mode ON; LaTeX internals redefined.
Package hyperref Info: Bookmarks ON on input line 4688.
\c@Hy@tempcnt=\count91

("C:\Program Files\MiKTeX 2.9\tex\latex\url\url.sty"
\Urlmuskip=\muskip10
Package: url 2013/09/16  ver 3.4  Verb mode for urls, etc.
)
LaTeX Info: Redefining \url on input line 5041.
\XeTeXLinkMargin=\dimen104
\Fld@menulength=\count92
\Field@Width=\dimen105
\Fld@charsize=\dimen106
Package hyperref Info: Hyper figures OFF on input line 6295.
Package hyperref Info: Link nesting OFF on input line 6300.
Package hyperref Info: Hyper index ON on input line 6303.
Package hyperref Info: backreferencing OFF on input line 6310.
Package hyperref Info: Link coloring OFF on input line 6315.
Package hyperref Info: Link coloring with OCG OFF on input line 6320.
Package hyperref Info: PDF/A mode OFF on input line 6325.
LaTeX Info: Redefining \ref on input line 6365.
LaTeX Info: Redefining \pageref on input line 6369.
\Hy@abspage=\count93
\c@Item=\count94
\c@Hfootnote=\count95
)

Package hyperref Message: Driver (autodetected): hpdftex.

("C:\Program Files\MiKTeX 2.9\tex\latex\hyperref\hpdftex.def"
File: hpdftex.def 2012/11/06 v6.83m Hyperref driver for pdfTeX
\Fld@listcount=\count96
\c@bookmark@seq@number=\count97

("C:\Program Files\MiKTeX 2.9\tex\latex\oberdiek\rerunfilecheck.sty"
Package: rerunfilecheck 2011/04/15 v1.7 Rerun checks for auxiliary files (HO)
Package uniquecounter Info: New unique counter `rerunfilecheck' on input line 2
82.
)
\Hy@SectionHShift=\skip43
)
Package: html 1999/07/19 v1.38 hypertext commands for latex2html (nd, hws, rrm)

\c@lpart=\count98
\c@lchapter=\count99
\c@lsection=\count100
\c@lsubsection=\count101
\c@lsubsubsection=\count102
\c@lparagraph=\count103
\c@lsubparagraph=\count104
\c@lsubsubparagraph=\count105
\ptrfile=\write3
))
("C:\Program Files\MiKTeX 2.9\tex\latex\graphics\graphicx.sty"
Package: graphicx 1999/02/16 v1.0f Enhanced LaTeX Graphics (DPC,SPQR)

("C:\Program Files\MiKTeX 2.9\tex\latex\graphics\graphics.sty"
Package: graphics 2009/02/05 v1.0o Standard LaTeX Graphics (DPC,SPQR)

("C:\Program Files\MiKTeX 2.9\tex\latex\graphics\trig.sty"
Package: trig 1999/03/16 v1.09 sin cos tan (DPC)
)
("C:\Program Files\MiKTeX 2.9\tex\latex\00miktex\graphics.cfg"
File: graphics.cfg 2007/01/18 v1.5 graphics configuration of teTeX/TeXLive
)
Package graphics Info: Driver file: pdftex.def on input line 91.

("C:\Program Files\MiKTeX 2.9\tex\latex\pdftex-def\pdftex.def"
File: pdftex.def 2011/05/27 v0.06d Graphics/color for pdfTeX
\Gread@gobject=\count106
))
\Gin@req@height=\dimen107
\Gin@req@width=\dimen108
)
("C:\Program Files\MiKTeX 2.9\tex\latex\oberdiek\pdflscape.sty"
Package: pdflscape 2008/08/11 v0.10 Display of landscape pages in PDF (HO)

("C:\Program Files\MiKTeX 2.9\tex\latex\graphics\lscape.sty"
Package: lscape 2000/10/22 v3.01 Landscape Pages (DPC)
)
Package pdflscape Info: Auto-detected driver: pdftex on input line 80.
)
("C:\Program Files\MiKTeX 2.9\tex\latex\tools\multicol.sty"
Package: multicol 2011/06/27 v1.7a multicolumn formatting (FMi)
\c@tracingmulticols=\count107
\mult@box=\box26
\multicol@leftmargin=\dimen109
\c@unbalance=\count108
\c@collectmore=\count109
\doublecol@number=\count110
\multicoltolerance=\count111
\multicolpretolerance=\count112
\full@width=\dimen110
\page@free=\dimen111
\premulticols=\dimen112
\postmulticols=\dimen113
\multicolsep=\skip44
\multicolbaselineskip=\skip45
\partial@page=\box27
\last@line=\box28
\mult@rightbox=\box29
\mult@grightbox=\box30
\mult@gfirstbox=\box31
\mult@firstbox=\box32
\@tempa=\box33
\@tempa=\box34
\@tempa=\box35
\@tempa=\box36
\@tempa=\box37
\@tempa=\box38
\@tempa=\box39
\@tempa=\box40
\@tempa=\box41
\@tempa=\box42
\@tempa=\box43
\@tempa=\box44
\@tempa=\box45
\@tempa=\box46
\@tempa=\box47
\@tempa=\box48
\@tempa=\box49
\c@columnbadness=\count113
\c@finalcolumnbadness=\count114
\last@try=\dimen114
\multicolovershoot=\dimen115
\multicolundershoot=\dimen116
\mult@nat@firstbox=\box50
\colbreak@box=\box51
\multicol@sort@counter=\count115
)
("C:\Program Files\MiKTeX 2.9\tex\latex\listings\listings.sty"
\lst@mode=\count116
\lst@gtempboxa=\box52
\lst@token=\toks15
\lst@length=\count117
\lst@currlwidth=\dimen117
\lst@column=\count118
\lst@pos=\count119
\lst@lostspace=\dimen118
\lst@width=\dimen119
\lst@newlines=\count120
\lst@lineno=\count121
\lst@maxwidth=\dimen120

("C:\Program Files\MiKTeX 2.9\tex\latex\listings\lstmisc.sty"
File: lstmisc.sty 2013/08/26 1.5b (Carsten Heinz)
\c@lstnumber=\count122
\lst@skipnumbers=\count123
\lst@framebox=\box53
)
("C:\Program Files\MiKTeX 2.9\tex\latex\listings\listings.cfg"
File: listings.cfg 2013/08/26 1.5b listings configuration
))
Package: listings 2013/08/26 1.5b (Carsten Heinz)

("C:\Program Files\MiKTeX 2.9\tex\latex\tools\calc.sty"
Package: calc 2007/08/22 v4.3 Infix arithmetic (KKT,FJ)
\calc@Acount=\count124
\calc@Bcount=\count125
\calc@Adimen=\dimen121
\calc@Bdimen=\dimen122
\calc@Askip=\skip46
\calc@Bskip=\skip47
LaTeX Info: Redefining \setlength on input line 76.
LaTeX Info: Redefining \addtolength on input line 77.
\calc@Ccount=\count126
\calc@Cskip=\skip48
))
("C:\Program Files\MiKTeX 2.9\tex\latex\booktabs\booktabs.sty"
Package: booktabs 2005/04/14 v1.61803 publication quality tables
\heavyrulewidth=\dimen123
\lightrulewidth=\dimen124
\cmidrulewidth=\dimen125
\belowrulesep=\dimen126
\belowbottomsep=\dimen127
\aboverulesep=\dimen128
\abovetopsep=\dimen129
\cmidrulesep=\dimen130
\cmidrulekern=\dimen131
\defaultaddspace=\dimen132
\@cmidla=\count127
\@cmidlb=\count128
\@aboverulesep=\dimen133
\@belowrulesep=\dimen134
\@thisruleclass=\count129
\@lastruleclass=\count130
\@thisrulewidth=\dimen135
)
("C:\Program Files\MiKTeX 2.9\tex\latex\float\float.sty"
Package: float 2001/11/08 v1.3d Float enhancements (AL)
\c@float@type=\count131
\float@exts=\toks16
\float@box=\box54
\@float@everytoks=\toks17
\@floatcapt=\box55
)
("C:\Program Files\MiKTeX 2.9\tex\latex\amsmath\amsmath.sty"
Package: amsmath 2013/01/14 v2.14 AMS math features
\@mathmargin=\skip49

For additional information on amsmath, use the `?' option.
("C:\Program Files\MiKTeX 2.9\tex\latex\amsmath\amstext.sty"
Package: amstext 2000/06/29 v2.01

("C:\Program Files\MiKTeX 2.9\tex\latex\amsmath\amsgen.sty"
File: amsgen.sty 1999/11/30 v2.0
\@emptytoks=\toks18
\ex@=\dimen136
))
("C:\Program Files\MiKTeX 2.9\tex\latex\amsmath\amsbsy.sty"
Package: amsbsy 1999/11/29 v1.2d
\pmbraise@=\dimen137
)
("C:\Program Files\MiKTeX 2.9\tex\latex\amsmath\amsopn.sty"
Package: amsopn 1999/12/14 v2.01 operator names
)
\inf@bad=\count132
LaTeX Info: Redefining \frac on input line 210.
\uproot@=\count133
\leftroot@=\count134
LaTeX Info: Redefining \overline on input line 306.
\classnum@=\count135
\DOTSCASE@=\count136
LaTeX Info: Redefining \ldots on input line 378.
LaTeX Info: Redefining \dots on input line 381.
LaTeX Info: Redefining \cdots on input line 466.
\Mathstrutbox@=\box56
\strutbox@=\box57
\big@size=\dimen138
LaTeX Font Info:    Redeclaring font encoding OML on input line 566.
LaTeX Font Info:    Redeclaring font encoding OMS on input line 567.
\macc@depth=\count137
\c@MaxMatrixCols=\count138
\dotsspace@=\muskip11
\c@parentequation=\count139
\dspbrk@lvl=\count140
\tag@help=\toks19
\row@=\count141
\column@=\count142
\maxfields@=\count143
\andhelp@=\toks20
\eqnshift@=\dimen139
\alignsep@=\dimen140
\tagshift@=\dimen141
\tagwidth@=\dimen142
\totwidth@=\dimen143
\lineht@=\dimen144
\@envbody=\toks21
\multlinegap=\skip50
\multlinetaggap=\skip51
\mathdisplay@stack=\toks22
LaTeX Info: Redefining \[ on input line 2665.
LaTeX Info: Redefining \] on input line 2666.
)
("C:\Program Files\MiKTeX 2.9\tex\latex\algorithm2e\algorithm2e.sty"
Package: algorithm2e 2013/01/06 v5.00 algorithms environments
\c@AlgoLine=\count144

("C:\Program Files\MiKTeX 2.9\tex\latex\tools\xspace.sty"
Package: xspace 2009/10/20 v1.13 Space after command names (DPC,MH)
)
("C:\Program Files\MiKTeX 2.9\tex\latex\ltxmisc\relsize.sty"
Package: relsize 2003/07/04 ver 3.1
)
********************************************************
Package `algorithm2e' Release 5.0 -- january 06 2013 --
- algorithm2e-announce@lirmm.fr mailing list for announcement about releases
- algorithm2e-discussion@lirmm.fr mailing list for discussion about package
subscribe by emailing sympa@lirmm.fr with 'subscribe <list> <firstname name>'
- Author: Christophe Fiorio (cfiorio@um2.fr)
********************************************************
\skiptotal=\skip52
\skiplinenumber=\skip53
\skiprule=\skip54
\skiphlne=\skip55
\skiptext=\skip56
\skiplength=\skip57
\algomargin=\skip58
\skipalgocfslide=\skip59
\algowidth=\dimen145
\inoutsize=\dimen146
\inoutindent=\dimen147
\interspacetitleruled=\dimen148
\interspacealgoruled=\dimen149
\interspacetitleboxruled=\dimen150
\algocf@inoutbox=\box58
\algocf@inputbox=\box59
\AlCapSkip=\skip60
\AlCapHSkip=\skip61
\algoskipindent=\skip62
\algocf@nlbox=\box60
\algocf@hangingbox=\box61
\algocf@untilbox=\box62
\algocf@skipuntil=\skip63
\algocf@capbox=\box63
\algoheightruledefault=\skip64
\algoheightrule=\skip65
\algotitleheightruledefault=\skip66
\algotitleheightrule=\skip67
\c@algocfline=\count145
\c@algocfproc=\count146
\c@algocf=\count147
\algocf@algoframe=\box64
\algocf@algobox=\box65
) ("C:\Program Files\MiKTeX 2.9\tex\latex\pdfpages\pdfpages.sty"
Package: pdfpages 2013/08/25 v0.4v Insert pages of external PDF documents (AM)

("C:\Program Files\MiKTeX 2.9\tex\latex\eso-pic\eso-pic.sty"
Package: eso-pic 2013/10/06 v2.0d eso-pic (RN)

("C:\Program Files\MiKTeX 2.9\tex\latex\xcolor\xcolor.sty"
Package: xcolor 2007/01/21 v2.11 LaTeX color extensions (UK)

("C:\Program Files\MiKTeX 2.9\tex\latex\00miktex\color.cfg"
File: color.cfg 2007/01/18 v1.5 color configuration of teTeX/TeXLive
)
Package xcolor Info: Driver file: pdftex.def on input line 225.
Package xcolor Info: Model `cmy' substituted by `cmy0' on input line 1337.
Package xcolor Info: Model `hsb' substituted by `rgb' on input line 1341.
Package xcolor Info: Model `RGB' extended on input line 1353.
Package xcolor Info: Model `HTML' substituted by `rgb' on input line 1355.
Package xcolor Info: Model `Hsb' substituted by `hsb' on input line 1356.
Package xcolor Info: Model `tHsb' substituted by `hsb' on input line 1357.
Package xcolor Info: Model `HSB' substituted by `hsb' on input line 1358.
Package xcolor Info: Model `Gray' substituted by `gray' on input line 1359.
Package xcolor Info: Model `wave' substituted by `hsb' on input line 1360.
))
("C:\Program Files\MiKTeX 2.9\tex\latex\pdfpages\pppdftex.def"
File: pppdftex.def 2013/08/25 v0.4v Pdfpages driver for pdfTeX (AM)
)
\AM@pagebox=\box66
\AM@toc@title=\toks23
\c@AM@survey=\count148
\AM@templatesizebox=\box67
)
(C:\Users\lyoneidastu\Documents\GitHub\high-performance-network\Dissertation.au
x

LaTeX Warning: Label `my-label' multiply defined.


LaTeX Warning: Label `my-label' multiply defined.


LaTeX Warning: Label `my-label' multiply defined.


LaTeX Warning: Label `my-label' multiply defined.


LaTeX Warning: Label `my-label' multiply defined.


LaTeX Warning: Label `my-label' multiply defined.


LaTeX Warning: Label `my-label' multiply defined.


LaTeX Warning: Label `my-label' multiply defined.


LaTeX Warning: Label `my-label' multiply defined.


LaTeX Warning: Label `my-label' multiply defined.


LaTeX Warning: Label `my-label' multiply defined.


LaTeX Warning: Label `my-label' multiply defined.


LaTeX Warning: Label `my-label' multiply defined.


LaTeX Warning: Label `my-label' multiply defined.


LaTeX Warning: Label `my-label' multiply defined.


LaTeX Warning: Label `my-label' multiply defined.


LaTeX Warning: Label `my-label' multiply defined.


LaTeX Warning: Label `fig:latency' multiply defined.


LaTeX Warning: Label `my-label' multiply defined.


LaTeX Warning: Label `my-label' multiply defined.

)
LaTeX Font Info:    Checking defaults for OML/cmm/m/it on input line 20.
LaTeX Font Info:    ... okay on input line 20.
LaTeX Font Info:    Checking defaults for T1/cmr/m/n on input line 20.
LaTeX Font Info:    ... okay on input line 20.
LaTeX Font Info:    Checking defaults for OT1/cmr/m/n on input line 20.
LaTeX Font Info:    ... okay on input line 20.
LaTeX Font Info:    Checking defaults for OMS/cmsy/m/n on input line 20.
LaTeX Font Info:    ... okay on input line 20.
LaTeX Font Info:    Checking defaults for OMX/cmex/m/n on input line 20.
LaTeX Font Info:    ... okay on input line 20.
LaTeX Font Info:    Checking defaults for U/cmr/m/n on input line 20.
LaTeX Font Info:    ... okay on input line 20.
LaTeX Font Info:    Checking defaults for PD1/pdf/m/n on input line 20.
LaTeX Font Info:    ... okay on input line 20.
\AtBeginShipoutBox=\box68
Package hyperref Info: Link coloring OFF on input line 20.
 ("C:\Program Files\MiKTeX 2.9\tex\latex\hyperref\nameref.sty"
Package: nameref 2012/10/27 v2.43 Cross-referencing by name of section

("C:\Program Files\MiKTeX 2.9\tex\generic\oberdiek\gettitlestring.sty"
Package: gettitlestring 2010/12/03 v1.4 Cleanup title references (HO)
)
\c@section@level=\count149
)
LaTeX Info: Redefining \ref on input line 20.
LaTeX Info: Redefining \pageref on input line 20.
LaTeX Info: Redefining \nameref on input line 20.

(C:\Users\lyoneidastu\Documents\GitHub\high-performance-network\Dissertation.ou
t)
(C:\Users\lyoneidastu\Documents\GitHub\high-performance-network\Dissertation.ou
t)
\@outlinefile=\write4
Package hyperref Info: *** compatibility with harvard ****  on input line 20.
 ("C:\Program Files\MiKTeX 2.9\tex\context\base\supp-pdf.mkii"
[Loading MPS to PDF converter (version 2006.09.02).]
\scratchcounter=\count150
\scratchdimen=\dimen151
\scratchbox=\box69
\nofMPsegments=\count151
\nofMParguments=\count152
\everyMPshowfont=\toks24
\MPscratchCnt=\count153
\MPscratchDim=\dimen152
\MPnumerator=\count154
\makeMPintoPDFobject=\count155
\everyMPtoPDFconversion=\toks25
)
\c@lstlisting=\count156
 ("C:\Program Files\MiKTeX 2.9\tex\latex\listings\lstlang1.sty"
File: lstlang1.sty 2013/08/26 1.5b listings language file
) [1



{C:/ProgramData/MiKTeX/2.9/pdftex/config/pdftex.map}]pdfTeX warning (ext4): des
tination with the same identifier (name{page.i}) has been already used, duplica
te ignored
<to be read again> 
                   \relax 
l.37 \newpage
              [1]
Underfull \hbox (badness 10000) in paragraph at lines 40--41

 []

[2]pdfTeX warning (ext4): destination with the same identifier (name{page.i}) h
as been already used, duplicate ignored
<to be read again> 
                   \relax 
l.46 \newpage
              [1]
(C:\Users\lyoneidastu\Documents\GitHub\high-performance-network\Dissertation.to
cpdfTeX warning (ext4): destination with the same identifier (name{page.ii}) ha
s been already used, duplicate ignored
<to be read again> 
                   \relax 
l.36 ... Intercommunication}{24}{subsection.2.2.1}
                                                   [2

] [3] [4])
\tf@toc=\write5
 [5]
(C:\Users\lyoneidastu\Documents\GitHub\high-performance-network\Dissertation.lo
f [6

] [7])
\tf@lof=\write6
 [8]
(C:\Users\lyoneidastu\Documents\GitHub\high-performance-network\Dissertation.lo
t [9

])
\tf@lot=\write7
 [10]
Chapter 1.

Underfull \hbox (badness 10000) in paragraph at lines 63--67

 []

[1

] <picture/tradevenue.PNG, id=666, 347.04657pt x 280.79906pt>
File: picture/tradevenue.PNG Graphic file (type png)

<use picture/tradevenue.PNG>
Package pdftex.def Info: picture/tradevenue.PNG used on input line 72.
(pdftex.def)             Requested size: 301.791pt x 244.19037pt.

Underfull \hbox (badness 10000) in paragraph at lines 70--75

 []


Overfull \hbox (21.6805pt too wide) in paragraph at lines 76--79
\OT1/cmr/m/n/10.95 The Mar-ket Data feeds usu-ally trans-mit-ted in User Data-g
ram Pro-to-col(UDP) datagrams([]Brook,
 []


Underfull \hbox (badness 10000) in paragraph at lines 76--79

 []

[2pdfTeX warning (ext4): destination with the same identifier (name{figure.1.1}
) has been already used, duplicate ignored

\AtBegShi@Output ...ipout \box \AtBeginShipoutBox 
                                                  \fi \fi 
l.79 \subsection{
                 Low Latency Network Infrastructure} <C:/Users/lyoneidastu/Docu
ments/GitHub/high-performance-network/picture/tradevenue.PNG>]
<picture/newyork-chicago.jpg, id=674, 642.4pt x 358.33875pt>
File: picture/newyork-chicago.jpg Graphic file (type jpg)

<use picture/newyork-chicago.jpg>
Package pdftex.def Info: picture/newyork-chicago.jpg used on input line 84.
(pdftex.def)             Requested size: 301.791pt x 168.34814pt.

Underfull \hbox (badness 10000) in paragraph at lines 80--87

 []

[3]
Underfull \hbox (badness 10000) in paragraph at lines 89--90

 []

<picture/UDPStructure.png, id=679, 237.13594pt x 129.48375pt>
File: picture/UDPStructure.png Graphic file (type png)

<use picture/UDPStructure.png>
Package pdftex.def Info: picture/UDPStructure.png used on input line 94.
(pdftex.def)             Requested size: 215.56593pt x 117.70985pt.

Underfull \hbox (badness 10000) in paragraph at lines 98--99

 []

[4pdfTeX warning (ext4): destination with the same identifier (name{figure.1.2}
) has been already used, duplicate ignored

\AtBegShi@Output ...ipout \box \AtBeginShipoutBox 
                                                  \fi \fi 
l.99 \subsubsection{
                    Important features related to high-frequency data}pdfTeX wa
rning (ext4): destination with the same identifier (name{figure.1.3}) has been 
already used, duplicate ignored

\AtBegShi@Output ...ipout \box \AtBeginShipoutBox 
                                                  \fi \fi 
l.99 \subsubsection{
                    Important features related to high-frequency data} <C:/User
s/lyoneidastu/Documents/GitHub/high-performance-network/picture/newyork-chicago
.jpg> <C:/Users/lyoneidastu/Documents/GitHub/high-performance-network/picture/U
DPStructure.png>]
Underfull \hbox (badness 10000) in paragraph at lines 100--101

 []

<picture/A-BFeed.PNG, id=688, 731.73375pt x 505.89pt>
File: picture/A-BFeed.PNG Graphic file (type png)

<use picture/A-BFeed.PNG>
Package pdftex.def Info: picture/A-BFeed.PNG used on input line 106.
(pdftex.def)             Requested size: 301.791pt x 208.64359pt.

Underfull \hbox (badness 10000) in paragraph at lines 102--109

 []

[5]
Underfull \hbox (badness 10000) in paragraph at lines 111--112

 []


Underfull \hbox (badness 10000) in paragraph at lines 113--114

 []


Underfull \hbox (badness 10000) in paragraph at lines 115--116

 []

[6pdfTeX warning (ext4): destination with the same identifier (name{figure.1.4}
) has been already used, duplicate ignored

\AtBegShi@Output ...ipout \box \AtBeginShipoutBox 
                                                  \fi \fi 
l.116 \subsubsection{
                     Constructing a Beowulf cluster} <C:/Users/lyoneidastu/Docu
ments/GitHub/high-performance-network/picture/A-BFeed.PNG>]
LaTeX Font Info:    Try loading font information for OMS+cmr on input line 119.


("C:\Program Files\MiKTeX 2.9\tex\latex\base\omscmr.fd"
File: omscmr.fd 1999/05/25 v2.5h Standard LaTeX font definitions
)
LaTeX Font Info:    Font shape `OMS/cmr/m/n' in size <10.95> not available
(Font)              Font shape `OMS/cmsy/m/n' tried instead on input line 119.

Underfull \hbox (badness 10000) in paragraph at lines 125--128

 []

[7] <picture/commodityhardware.jpg, id=707, 1027.84pt x 332.24126pt>
File: picture/commodityhardware.jpg Graphic file (type jpg)

<use picture/commodityhardware.jpg>
Package pdftex.def Info: picture/commodityhardware.jpg used on input line 137.
(pdftex.def)             Requested size: 301.791pt x 97.54898pt.

Underfull \hbox (badness 10000) in paragraph at lines 134--140

 []

[8]
Underfull \hbox (badness 10000) in paragraph at lines 167--170

 []

[9pdfTeX warning (ext4): destination with the same identifier (name{figure.1.5}
) has been already used, duplicate ignored

\AtBegShi@Output ...ipout \box \AtBeginShipoutBox 
                                                  \fi \fi 
l.170 
       <C:/Users/lyoneidastu/Documents/GitHub/high-performance-network/picture/
commodityhardware.jpg>] [10pdfTeX warning (ext4): destination with the same ide
ntifier (name{table.1.1}) has been already used, duplicate ignored

\AtBegShi@Output ...ipout \box \AtBeginShipoutBox 
                                                  \fi \fi 
l.193 
      ] <picture/photo/GPIOpin.jpg, id=736, 1284.8pt x 721.69624pt>
File: picture/photo/GPIOpin.jpg Graphic file (type jpg)

<use picture/photo/GPIOpin.jpg>
Package pdftex.def Info: picture/photo/GPIOpin.jpg used on input line 200.
(pdftex.def)             Requested size: 301.791pt x 169.52155pt.

Underfull \hbox (badness 10000) in paragraph at lines 195--203

 []

[11] [12pdfTeX warning (ext4): destination with the same identifier (name{figur
e.1.6}) has been already used, duplicate ignored

\AtBegShi@Output ...ipout \box \AtBeginShipoutBox 
                                                  \fi \fi 
l.217 \begin{itemize}
                      <C:/Users/lyoneidastu/Documents/GitHub/high-performance-n
etwork/picture/photo/GPIOpin.jpg>]
Missing character: There is no ã in font cmr10!
Missing character: There is no € in font cmr10!
Missing character: There is no € in font cmr10!
 [13]
<picture/FPGAcall.png, id=752, 320.19624pt x 208.78pt>
File: picture/FPGAcall.png Graphic file (type png)

<use picture/FPGAcall.png>
Package pdftex.def Info: picture/FPGAcall.png used on input line 243.
(pdftex.def)             Requested size: 215.56593pt x 140.56041pt.

Underfull \hbox (badness 10000) in paragraph at lines 240--246

 []

[14pdfTeX warning (ext4): destination with the same identifier (name{table.1.2}
) has been already used, duplicate ignored

\AtBegShi@Output ...ipout \box \AtBeginShipoutBox 
                                                  \fi \fi 
l.247 \subsubsection{
                     TH Express interconnection network}]
<picture/tianhe1A.PNG, id=759, 499.8675pt x 283.0575pt>
File: picture/tianhe1A.PNG Graphic file (type png)

<use picture/tianhe1A.PNG>
Package pdftex.def Info: picture/tianhe1A.PNG used on input line 251.
(pdftex.def)             Requested size: 301.791pt x 170.8983pt.

Underfull \hbox (badness 10000) in paragraph at lines 248--254

 []


Underfull \hbox (badness 10000) in paragraph at lines 255--256

 []

[15pdfTeX warning (ext4): destination with the same identifier (name{figure.1.7
}) has been already used, duplicate ignored

\AtBegShi@Output ...ipout \box \AtBeginShipoutBox 
                                                  \fi \fi 
l.256 \subsubsection{
                     Enyx`s ARM-based System on a Chip solution to market da...
pdfTeX warning (ext4): destination with the same identifier (name{figure.1.8}) 
has been already used, duplicate ignored

\AtBegShi@Output ...ipout \box \AtBeginShipoutBox 
                                                  \fi \fi 
l.256 \subsubsection{
                     Enyx`s ARM-based System on a Chip solution to market da...
 <C:/Users/lyoneidastu/Documents/GitHub/high-performance-network/picture/FPGAca
ll.png> <C:/Users/lyoneidastu/Documents/GitHub/high-performance-network/picture
/tianhe1A.PNG>]
Underfull \hbox (badness 10000) in paragraph at lines 257--259

 []

<picture/ibmpoweren.png, id=768, 667.74469pt x 495.35063pt>
File: picture/ibmpoweren.png Graphic file (type png)

<use picture/ibmpoweren.png>
Package pdftex.def Info: picture/ibmpoweren.png used on input line 271.
(pdftex.def)             Requested size: 215.56593pt x 159.91374pt.
 [16]
Missing character: There is no â in font cmr10!
Missing character: There is no € in font cmr10!
Missing character: There is no ™ in font cmr10!

<picture/iridisBenchmark.jpg, id=776, 1366.10374pt x 530.98375pt>
File: picture/iridisBenchmark.jpg Graphic file (type jpg)

<use picture/iridisBenchmark.jpg>
Package pdftex.def Info: picture/iridisBenchmark.jpg used on input line 279.
(pdftex.def)             Requested size: 258.68175pt x 100.53957pt.

Underfull \hbox (badness 10000) in paragraph at lines 276--282

 []


Underfull \hbox (badness 10000) in paragraph at lines 284--288

 []

[17pdfTeX warning (ext4): destination with the same identifier (name{figure.1.9
}) has been already used, duplicate ignored

\AtBegShi@Output ...ipout \box \AtBeginShipoutBox 
                                                  \fi \fi 
l.288 \chapter{
               Implemented Technologies in the Project}pdfTeX warning (ext4): d
estination with the same identifier (name{figure.1.10}) has been already used, 
duplicate ignored

\AtBegShi@Output ...ipout \box \AtBeginShipoutBox 
                                                  \fi \fi 
l.288 \chapter{
               Implemented Technologies in the Project} <C:/Users/lyoneidastu/D
ocuments/GitHub/high-performance-network/picture/ibmpoweren.png> <C:/Users/lyon
eidastu/Documents/GitHub/high-performance-network/picture/iridisBenchmark.jpg>]
[18]
Chapter 2.
Missing character: There is no ã in font cmr10!
Missing character: There is no € in font cmr10!
Missing character: There is no € in font cmr10!

Underfull \hbox (badness 10000) in paragraph at lines 289--302

 []


Underfull \hbox (badness 10000) in paragraph at lines 303--304

 []

[19

pdfTeX warning (ext4): destination with the same identifier (name{table.2.1}) h
as been already used, duplicate ignored

\AtBegShi@Output ...ipout \box \AtBeginShipoutBox 
                                                  \fi \fi 
l.304 \section{
               Remote Direct Memory Access(RDMA)}]
Underfull \hbox (badness 10000) in paragraph at lines 312--316

 []

[20] <picture/rnic.PNG, id=796, 322.70563pt x 331.2375pt>
File: picture/rnic.PNG Graphic file (type png)

<use picture/rnic.PNG>
Package pdftex.def Info: picture/rnic.PNG used on input line 320.
(pdftex.def)             Requested size: 258.68175pt x 265.53116pt.

Underfull \hbox (badness 10000) in paragraph at lines 317--323

 []


Underfull \hbox (badness 10000) in paragraph at lines 324--325

 []

[21pdfTeX warning (ext4): destination with the same identifier (name{figure.2.1
}) has been already used, duplicate ignored

\AtBegShi@Output ...ipout \box \AtBeginShipoutBox 
                                                  \fi \fi 
l.325 \subsection{
                  Queue Pair} <C:/Users/lyoneidastu/Documents/GitHub/high-perfo
rmance-network/picture/rnic.PNG>]
<picture/queuepair.JPG, id=803, 499.8675pt x 283.81032pt>
File: picture/queuepair.JPG Graphic file (type jpg)

<use picture/queuepair.JPG>
Package pdftex.def Info: picture/queuepair.JPG used on input line 334.
(pdftex.def)             Requested size: 258.68175pt x 146.87631pt.

Underfull \hbox (badness 10000) in paragraph at lines 331--337

 []


Underfull \hbox (badness 10000) in paragraph at lines 339--341

 []

[22pdfTeX warning (ext4): destination with the same identifier (name{figure.2.2
}) has been already used, duplicate ignored

\AtBegShi@Output ...ipout \box \AtBeginShipoutBox 
                                                  \fi \fi 
l.341 \subsection{
                  Implementation Details of Verbs} <C:/Users/lyoneidastu/Docume
nts/GitHub/high-performance-network/picture/queuepair.JPG>]
Underfull \hbox (badness 10000) in paragraph at lines 342--343

 []


Overfull \hbox (13.34625pt too wide) in paragraph at lines 344--363
\OT1/cmr/m/n/10.95 Memory space man-age-ment are per-formed through RNIC data d
rivers via Tagged Offset([]Boyd,
 []

[23]
Underfull \hbox (badness 10000) in paragraph at lines 373--390

 []

[24pdfTeX warning (ext4): destination with the same identifier (name{algocf.1})
 has been already used, duplicate ignored

\AtBegShi@Output ...ipout \box \AtBeginShipoutBox 
                                                  \fi \fi 
l.390 \end{algorithm}
                     ]
Underfull \hbox (badness 10000) in paragraph at lines 397--398

 []

<picture/FlatStruct.PNG, id=821, 436.63126pt x 370.38374pt>
File: picture/FlatStruct.PNG Graphic file (type png)

<use picture/FlatStruct.PNG>
Package pdftex.def Info: picture/FlatStruct.PNG used on input line 401.
(pdftex.def)             Requested size: 172.45012pt x 146.28584pt.
 [25pdfTeX warning (ext4): destination with the same identifier (name{algocf.2}
) has been already used, duplicate ignored

\AtBegShi@Output ...ipout \box \AtBeginShipoutBox 
                                                  \fi \fi 
l.405 T
       he nodes can be divided into three groups according to the topology p...
]
Underfull \hbox (badness 10000) in paragraph at lines 411--425

 []

<picture/flat_addNode.JPG, id=830, 657.2053pt x 352.31625pt>
File: picture/flat_addNode.JPG Graphic file (type jpg)

<use picture/flat_addNode.JPG>
Package pdftex.def Info: picture/flat_addNode.JPG used on input line 431.
(pdftex.def)             Requested size: 215.56593pt x 115.56047pt.

Underfull \hbox (badness 10000) in paragraph at lines 426--434

 []

[26pdfTeX warning (ext4): destination with the same identifier (name{figure.2.3
}) has been already used, duplicate ignored

\AtBegShi@Output ...ipout \box \AtBeginShipoutBox 
                                                  \fi \fi 
l.434 \end{figure}
                  pdfTeX warning (ext4): destination with the same identifier (
name{table.2.2}) has been already used, duplicate ignored

\AtBegShi@Output ...ipout \box \AtBeginShipoutBox 
                                                  \fi \fi 
l.434 \end{figure}
                   <C:/Users/lyoneidastu/Documents/GitHub/high-performance-netw
ork/picture/FlatStruct.PNG>]
<picture/tree_addNodes.jpg, id=838, 733.23938pt x 242.40562pt>
File: picture/tree_addNodes.jpg Graphic file (type jpg)

<use picture/tree_addNodes.jpg>
Package pdftex.def Info: picture/tree_addNodes.jpg used on input line 438.
(pdftex.def)             Requested size: 258.68175pt x 85.52011pt.

Underfull \hbox (badness 10000) in paragraph at lines 435--441

 []


Underfull \hbox (badness 10000) in paragraph at lines 443--457

 []

[27pdfTeX warning (ext4): destination with the same identifier (name{figure.2.4
}) has been already used, duplicate ignored

\AtBegShi@Output ...ipout \box \AtBeginShipoutBox 
                                                  \fi \fi 
l.457 \end{algorithm}
                     pdfTeX warning (ext4): destination with the same identifie
r (name{figure.2.5}) has been already used, duplicate ignored

\AtBegShi@Output ...ipout \box \AtBeginShipoutBox 
                                                  \fi \fi 
l.457 \end{algorithm}
                      <C:/Users/lyoneidastu/Documents/GitHub/high-performance-n
etwork/picture/flat_addNode.JPG> <C:/Users/lyoneidastu/Documents/GitHub/high-pe
rformance-network/picture/tree_addNodes.jpg>]
<picture/compression.JPG, id=843, 703.87968pt x 280.04625pt>
File: picture/compression.JPG Graphic file (type jpg)

<use picture/compression.JPG>
Package pdftex.def Info: picture/compression.JPG used on input line 461.
(pdftex.def)             Requested size: 258.68175pt x 102.91896pt.

Underfull \hbox (badness 10000) in paragraph at lines 465--468

 []

[28pdfTeX warning (ext4): destination with the same identifier (name{algocf.3})
 has been already used, duplicate ignored

\AtBegShi@Output ...ipout \box \AtBeginShipoutBox 
                                                  \fi \fi 
l.468 \section{
               RDMA verb implementation: Infiniband Verbs}pdfTeX warning (ext4)
: destination with the same identifier (name{figure.2.6}) has been already used
, duplicate ignored

\AtBegShi@Output ...ipout \box \AtBeginShipoutBox 
                                                  \fi \fi 
l.468 \section{
               RDMA verb implementation: Infiniband Verbs} <C:/Users/lyoneidast
u/Documents/GitHub/high-performance-network/picture/compression.JPG>]
<picture/passive.JPG, id=851, 497.60907pt x 290.58563pt>
File: picture/passive.JPG Graphic file (type jpg)

<use picture/passive.JPG>
Package pdftex.def Info: picture/passive.JPG used on input line 482.
(pdftex.def)             Requested size: 215.56593pt x 125.88495pt.

Underfull \hbox (badness 10000) in paragraph at lines 479--485

 []

[29] <picture/active.JPG, id=856, 740.0147pt x 265.74281pt>
File: picture/active.JPG Graphic file (type jpg)

<use picture/active.JPG>
Package pdftex.def Info: picture/active.JPG used on input line 491.
(pdftex.def)             Requested size: 344.90681pt x 123.85703pt.

Underfull \hbox (badness 10000) in paragraph at lines 487--494

 []

[30pdfTeX warning (ext4): destination with the same identifier (name{figure.2.7
}) has been already used, duplicate ignored

\AtBegShi@Output ...ipout \box \AtBeginShipoutBox 
                                                  \fi \fi 
l.495 \subsection{
                  Conclusion} <C:/Users/lyoneidastu/Documents/GitHub/high-perfo
rmance-network/picture/passive.JPG>]
Underfull \hbox (badness 10000) in paragraph at lines 496--499

 []

[31pdfTeX warning (ext4): destination with the same identifier (name{figure.2.8
}) has been already used, duplicate ignored

\AtBegShi@Output ...ipout \box \AtBeginShipoutBox 
                                                  \fi \fi 
l.504 \begin{itemize}
                      <C:/Users/lyoneidastu/Documents/GitHub/high-performance-n
etwork/picture/active.JPG>]
Underfull \hbox (badness 10000) in paragraph at lines 510--514

 []

[32]
Underfull \hbox (badness 10000) in paragraph at lines 522--523

 []

<picture/MPIarchitecture.jpg, id=872, 351.56343pt x 367.3725pt>
File: picture/MPIarchitecture.jpg Graphic file (type jpg)

<use picture/MPIarchitecture.jpg>
Package pdftex.def Info: picture/MPIarchitecture.jpg used on input line 537.
(pdftex.def)             Requested size: 258.68175pt x 270.30983pt.
 [33]
Missing character: There is no ï in font cmr10!
Missing character: There is no ¼ in font cmr10!
Missing character: There is no š in font cmr10!

Underfull \hbox (badness 10000) in paragraph at lines 546--548

 []


Underfull \hbox (badness 10000) in paragraph at lines 549--551

 []

[34pdfTeX warning (ext4): destination with the same identifier (name{figure.2.9
}) has been already used, duplicate ignored

\AtBegShi@Output ...ipout \box \AtBeginShipoutBox 
                                                  \fi \fi 
l.551 \subsubsection{
                     Communication mode in MPI} <C:/Users/lyoneidastu/Documents
/GitHub/high-performance-network/picture/MPIarchitecture.jpg>]
<picture/rendezvousMode.jpg, id=882, 368.87813pt x 289.08pt>
File: picture/rendezvousMode.jpg Graphic file (type jpg)

<use picture/rendezvousMode.jpg>
Package pdftex.def Info: picture/rendezvousMode.jpg used on input line 555.
(pdftex.def)             Requested size: 258.68175pt x 202.72072pt.

Underfull \hbox (badness 10000) in paragraph at lines 552--558

 []

[35pdfTeX warning (ext4): destination with the same identifier (name{figure.2.1
0}) has been already used, duplicate ignored

\AtBegShi@Output ...ipout \box \AtBeginShipoutBox 
                                                  \fi \fi 
l.563 	\item[3.]
                 The sender sends data to receiver, and send finish segment ...
 <C:/Users/lyoneidastu/Documents/GitHub/high-performance-network/picture/rendez
vousMode.jpg>]
Underfull \hbox (badness 10000) in paragraph at lines 575--577

 []

[36] <picture/ADI3.jpg, id=895, 344.03531pt x 153.57375pt>
File: picture/ADI3.jpg Graphic file (type jpg)

<use picture/ADI3.jpg>
Package pdftex.def Info: picture/ADI3.jpg used on input line 582.
(pdftex.def)             Requested size: 215.56593pt x 96.22705pt.

Underfull \hbox (badness 10000) in paragraph at lines 586--588

 []

Missing character: There is no ï in font cmr10!
Missing character: There is no ¼ in font cmr10!
Missing character: There is no Œ in font cmr10!
<picture/senderreceiver.jpg, id=896, 330.48468pt x 294.34969pt>
File: picture/senderreceiver.jpg Graphic file (type jpg)

<use picture/senderreceiver.jpg>
Package pdftex.def Info: picture/senderreceiver.jpg used on input line 593.
(pdftex.def)             Requested size: 215.56593pt x 192.00322pt.

Underfull \hbox (badness 10000) in paragraph at lines 589--596

 []

[37pdfTeX warning (ext4): destination with the same identifier (name{figure.2.1
1}) has been already used, duplicate ignored

\AtBegShi@Output ...ipout \box \AtBeginShipoutBox 
                                                  \fi \fi 
l.596 \end{figure}
                   <C:/Users/lyoneidastu/Documents/GitHub/high-performance-netw
ork/picture/ADI3.jpg>] [38pdfTeX warning (ext4): destination with the same iden
tifier (name{figure.2.12}) has been already used, duplicate ignored

\AtBegShi@Output ...ipout \box \AtBeginShipoutBox 
                                                  \fi \fi 
l.602 	\item T
              he portability requirement of MPICH design makes it necessary ...
 <C:/Users/lyoneidastu/Documents/GitHub/high-performance-network/picture/sender
receiver.jpg>] <picture/fattreeimpl.jpg, id=907, 424.58624pt x 200.24812pt>
File: picture/fattreeimpl.jpg Graphic file (type jpg)

<use picture/fattreeimpl.jpg>
Package pdftex.def Info: picture/fattreeimpl.jpg used on input line 610.
(pdftex.def)             Requested size: 301.791pt x 142.3391pt.

Underfull \hbox (badness 10000) in paragraph at lines 614--615

 []


Underfull \hbox (badness 10000) in paragraph at lines 616--617

 []

[39pdfTeX warning (ext4): destination with the same identifier (name{figure.2.1
3}) has been already used, duplicate ignored

\AtBegShi@Output ...ipout \box \AtBeginShipoutBox 
                                                  \fi \fi 
l.617 \section{
               Field Programmable Field Array(FPGA) Assisted Computation} <C:/U
sers/lyoneidastu/Documents/GitHub/high-performance-network/picture/fattreeimpl.
jpg>]
Underfull \hbox (badness 10000) in paragraph at lines 627--629

 []


Underfull \hbox (badness 10000) in paragraph at lines 630--631

 []

[40] <picture/mcu.jpg, id=917, 467.49657pt x 249.18094pt>
File: picture/mcu.jpg Graphic file (type jpg)

<use picture/mcu.jpg>
Package pdftex.def Info: picture/mcu.jpg used on input line 634.
(pdftex.def)             Requested size: 258.68175pt x 137.88641pt.
 [41pdfTeX warning (ext4): destination with the same identifier (name{figure.2.
14}) has been already used, duplicate ignored

\AtBegShi@Output ...ipout \box \AtBeginShipoutBox 
                                                  \fi \fi 
l.641 \begin{itemize}
                      <C:/Users/lyoneidastu/Documents/GitHub/high-performance-n
etwork/picture/mcu.jpg>]
Underfull \hbox (badness 10000) in paragraph at lines 645--646

 []

<picture/fpgadesign.jpg, id=926, 323.70938pt x 227.34938pt>
File: picture/fpgadesign.jpg Graphic file (type jpg)

<use picture/fpgadesign.jpg>
Package pdftex.def Info: picture/fpgadesign.jpg used on input line 656.
(pdftex.def)             Requested size: 215.56593pt x 151.39705pt.
 [42]
Underfull \hbox (badness 10000) in paragraph at lines 660--661

 []


Underfull \hbox (badness 10000) in paragraph at lines 662--664

 []

[43pdfTeX warning (ext4): destination with the same identifier (name{figure.2.1
5}) has been already used, duplicate ignored

\AtBegShi@Output ...ipout \box \AtBeginShipoutBox 
                                                  \fi \fi 
l.668 \begin{itemize}
                      <C:/Users/lyoneidastu/Documents/GitHub/high-performance-n
etwork/picture/fpgadesign.jpg>]
Underfull \hbox (badness 10000) in paragraph at lines 674--676

 []

[44] <picture/pwm.jpg, id=945, 474.27188pt x 182.18062pt>
File: picture/pwm.jpg Graphic file (type jpg)

<use picture/pwm.jpg>
Package pdftex.def Info: picture/pwm.jpg used on input line 690.
(pdftex.def)             Requested size: 215.56593pt x 82.80334pt.

Underfull \hbox (badness 10000) in paragraph at lines 685--693

 []

[45pdfTeX warning (ext4): destination with the same identifier (name{figure.2.1
6}) has been already used, duplicate ignored

\AtBegShi@Output ...ipout \box \AtBeginShipoutBox 
                                                  \fi \fi 
l.699 \begin{itemize}
                      <C:/Users/lyoneidastu/Documents/GitHub/high-performance-n
etwork/picture/pwm.jpg>]
<picture/vhdlstruct.jpg, id=951, 466.74374pt x 374.90062pt>
File: picture/vhdlstruct.jpg Graphic file (type jpg)

<use picture/vhdlstruct.jpg>
Package pdftex.def Info: picture/vhdlstruct.jpg used on input line 707.
(pdftex.def)             Requested size: 301.791pt x 242.41827pt.

Underfull \hbox (badness 10000) in paragraph at lines 704--710

 []

<picture/uart.jpg, id=953, 342.5297pt x 392.21532pt>
File: picture/uart.jpg Graphic file (type jpg)
 <use picture/uart.jpg>
Package pdftex.def Info: picture/uart.jpg used on input line 715.
(pdftex.def)             Requested size: 172.45012pt x 197.47168pt.

Underfull \hbox (badness 10000) in paragraph at lines 712--718

 []

[46pdfTeX warning (ext4): destination with the same identifier (name{figure.2.1
7}) has been already used, duplicate ignored

\AtBegShi@Output ...ipout \box \AtBeginShipoutBox 
                                                  \fi \fi 
l.718 \end{figure}
                   <C:/Users/lyoneidastu/Documents/GitHub/high-performance-netw
ork/picture/vhdlstruct.jpg>] [47pdfTeX warning (ext4): destination with the sam
e identifier (name{figure.2.18}) has been already used, duplicate ignored

\AtBegShi@Output ...ipout \box \AtBeginShipoutBox 
                                                  \fi \fi 
l.726 	\item S
              lave Select: the master SPI can select different slaves if the...
 <C:/Users/lyoneidastu/Documents/GitHub/high-performance-network/picture/uart.j
pg>] <picture/spi.jpg, id=964, 361.35pt x 90.3375pt>
File: picture/spi.jpg Graphic file (type jpg)
 <use picture/spi.jpg>
Package pdftex.def Info: picture/spi.jpg used on input line 732.
(pdftex.def)             Requested size: 215.56593pt x 53.89137pt.

Underfull \hbox (badness 10000) in paragraph at lines 729--735

 []


<"picture/LOGI stack - software - drivers".jpg, id=966, 112.9821pt x 137.0721pt
>
File: "picture/LOGI stack - software - drivers".jpg Graphic file (type jpg)
 <use "picture/LOGI stack - software - drivers".jpg>
Package pdftex.def Info: "picture/LOGI stack - software - drivers".jpg used on 
input line 741.
(pdftex.def)             Requested size: 86.22505pt x 104.61299pt.

Underfull \hbox (badness 10000) in paragraph at lines 737--744

 []

[48pdfTeX warning (ext4): destination with the same identifier (name{figure.2.1
9}) has been already used, duplicate ignored

\AtBegShi@Output ...ipout \box \AtBeginShipoutBox 
                                                  \fi \fi 
l.745 T
       he basic component of Wishbone is the register, which has a relativel...
 <C:/Users/lyoneidastu/Documents/GitHub/high-performance-network/picture/spi.jp
g>]
Underfull \hbox (badness 10000) in paragraph at lines 766--769

 []

[49pdfTeX warning (ext4): destination with the same identifier (name{figure.2.2
0}) has been already used, duplicate ignored

\AtBegShi@Output ...ipout \box \AtBeginShipoutBox 
                                                  \fi \fi 
l.769 \subsection{
                  Conclusion}pdfTeX warning (ext4): destination with the same i
dentifier (name{table.2.3}) has been already used, duplicate ignored

\AtBegShi@Output ...ipout \box \AtBeginShipoutBox 
                                                  \fi \fi 
l.769 \subsection{
                  Conclusion} <C:/Users/lyoneidastu/Documents/GitHub/high-perfo
rmance-network/picture/LOGI stack - software - drivers.jpg>]
Underfull \hbox (badness 10000) in paragraph at lines 770--771

 []

[50]
Chapter 3.
[51

pdfTeX warning (ext4): destination with the same identifier (name{table.3.1}) h
as been already used, duplicate ignored

\AtBegShi@Output ...ipout \box \AtBeginShipoutBox 
                                                  \fi \fi 
l.793 \newpage
              ] <picture/System_Design.jpg, id=986, 1027.84pt x 770.88pt>
File: picture/System_Design.jpg Graphic file (type jpg)

<use picture/System_Design.jpg>
Package pdftex.def Info: picture/System_Design.jpg used on input line 799.
(pdftex.def)             Requested size: 431.13188pt x 323.3557pt.

Underfull \hbox (badness 10000) in paragraph at lines 796--802

 []


<"picture/System data flow diagram - Page 1".jpeg, id=988, 794.97pt x 614.295pt
>
File: "picture/System data flow diagram - Page 1".jpeg Graphic file (type jpg)
 <use "picture/System data flow diagram - Page 1".jpeg>
Package pdftex.def Info: "picture/System data flow diagram - Page 1".jpeg used 
on input line 807.
(pdftex.def)             Requested size: 431.13188pt x 333.15785pt.
 [52pdfTeX warning (ext4): destination with the same identifier (name{figure.3.
1}) has been already used, duplicate ignored

\AtBegShi@Output ...ipout \box \AtBeginShipoutBox 
                                                  \fi \fi 
l.810 \end{figure}
                   <C:/Users/lyoneidastu/Documents/GitHub/high-performance-netw
ork/picture/System_Design.jpg>]
Underfull \hbox (badness 10000) in paragraph at lines 811--813

 []

[53pdfTeX warning (ext4): destination with the same identifier (name{figure.3.2
}) has been already used, duplicate ignored

\AtBegShi@Output ...ipout \box \AtBeginShipoutBox 
                                                  \fi \fi 
l.813 \subsection{
                  Expectations} <C:/Users/lyoneidastu/Documents/GitHub/high-per
formance-network/picture/System data flow diagram - Page 1.jpeg>]
Underfull \hbox (badness 10000) in paragraph at lines 814--816

 []


Underfull \hbox (badness 10000) in paragraph at lines 831--832

 []

[54pdfTeX warning (ext4): destination with the same identifier (name{table.3.2}
) has been already used, duplicate ignored

\AtBegShi@Output ...ipout \box \AtBeginShipoutBox 
                                                  \fi \fi 
l.832 \begin{itemize}
                     ]
Underfull \hbox (badness 10000) in paragraph at lines 843--844

 []


Underfull \hbox (badness 10000) in paragraph at lines 846--847

 []


Underfull \hbox (badness 10000) in paragraph at lines 848--850

 []

[55] [56pdfTeX warning (ext4): destination with the same identifier (name{table
.3.3}) has been already used, duplicate ignored

\AtBegShi@Output ...ipout \box \AtBeginShipoutBox 
                                                  \fi \fi 
l.878 \end{itemize}
                   ]
Underfull \hbox (badness 10000) in paragraph at lines 898--900

 []

[57]
Missing character: There is no Â in font cmr10!
Missing character: There is no ® in font cmr10!
Missing character: There is no Â in font cmr10!
Missing character: There is no ® in font cmr10!
 [58]
<"picture/Filtering in handler - Page 1".jpeg, id=1031, 794.97pt x 614.295pt>
File: "picture/Filtering in handler - Page 1".jpeg Graphic file (type jpg)

<use "picture/Filtering in handler - Page 1".jpeg>
Package pdftex.def Info: "picture/Filtering in handler - Page 1".jpeg used on i
nput line 949.
(pdftex.def)             Requested size: 431.13188pt x 333.15785pt.

Underfull \hbox (badness 10000) in paragraph at lines 953--955

 []

[59pdfTeX warning (ext4): destination with the same identifier (name{figure.3.3
}) has been already used, duplicate ignored

\AtBegShi@Output ...ipout \box \AtBeginShipoutBox 
                                                  \fi \fi 
l.955 \subsubsection{
                     Conclusion} <C:/Users/lyoneidastu/Documents/GitHub/high-pe
rformance-network/picture/Filtering in handler - Page 1.jpeg>] [60]
Overfull \hbox (6.06741pt too wide) in paragraph at lines 969--980
 [][] 
 []


Underfull \hbox (badness 10000) in paragraph at lines 982--984

 []

<picture/hardwareDesign.jpg, id=1045, 359.09157pt x 356.0803pt>
File: picture/hardwareDesign.jpg Graphic file (type jpg)

<use picture/hardwareDesign.jpg>
Package pdftex.def Info: picture/hardwareDesign.jpg used on input line 988.
(pdftex.def)             Requested size: 215.56593pt x 213.76393pt.

Underfull \hbox (badness 10000) in paragraph at lines 985--991

 []

[61pdfTeX warning (ext4): destination with the same identifier (name{table.3.4}
) has been already used, duplicate ignored

\AtBegShi@Output ...ipout \box \AtBeginShipoutBox 
                                                  \fi \fi 
l.991 \end{figure}
                  ]
Underfull \hbox (badness 10000) in paragraph at lines 992--993

 []

<picture/photo/SwitchConnection.jpg, id=1050, 1284.8pt x 721.69624pt>
File: picture/photo/SwitchConnection.jpg Graphic file (type jpg)

<use picture/photo/SwitchConnection.jpg>
Package pdftex.def Info: picture/photo/SwitchConnection.jpg used on input line 
1001.
(pdftex.def)             Requested size: 215.56593pt x 121.07895pt.

Underfull \hbox (badness 10000) in paragraph at lines 998--1004

 []

[62pdfTeX warning (ext4): destination with the same identifier (name{figure.3.4
}) has been already used, duplicate ignored

\AtBegShi@Output ...ipout \box \AtBeginShipoutBox 
                                                  \fi \fi 
l.1005 \subsubsection{
                      Interconnection implementation} <C:/Users/lyoneidastu/Doc
uments/GitHub/high-performance-network/picture/hardwareDesign.jpg>]
<picture/photo/rappCluster.jpg, id=1056, 2589.675pt x 721.69624pt>
File: picture/photo/rappCluster.jpg Graphic file (type jpg)

<use picture/photo/rappCluster.jpg>
Package pdftex.def Info: picture/photo/rappCluster.jpg used on input line 1009.

(pdftex.def)             Requested size: 388.01605pt x 108.12863pt.

<picture/powerDesign.jpg, id=1058, 773.13844pt x 429.85594pt>
File: picture/powerDesign.jpg Graphic file (type jpg)

<use picture/powerDesign.jpg>
Package pdftex.def Info: picture/powerDesign.jpg used on input line 1018.
(pdftex.def)             Requested size: 301.791pt x 167.79399pt.

Underfull \hbox (badness 10000) in paragraph at lines 1014--1021

 []

[63pdfTeX warning (ext4): destination with the same identifier (name{figure.3.5
}) has been already used, duplicate ignored

\AtBegShi@Output ...ipout \box \AtBeginShipoutBox 
                                                  \fi \fi 
l.1022 \subsection{
                   Conclusion}pdfTeX warning (ext4): destination with the same 
identifier (name{figure.3.6}) has been already used, duplicate ignored

\AtBegShi@Output ...ipout \box \AtBeginShipoutBox 
                                                  \fi \fi 
l.1022 \subsection{
                   Conclusion} <C:/Users/lyoneidastu/Documents/GitHub/high-perf
ormance-network/picture/photo/SwitchConnection.jpg> <C:/Users/lyoneidastu/Docum
ents/GitHub/high-performance-network/picture/photo/rappCluster.jpg>]
Underfull \hbox (badness 10000) in paragraph at lines 1023--1024

 []

<picture/LogicDesign.jpg, id=1065, 357.58594pt x 412.54124pt>
File: picture/LogicDesign.jpg Graphic file (type jpg)

<use picture/LogicDesign.jpg>
Package pdftex.def Info: picture/LogicDesign.jpg used on input line 1034.
(pdftex.def)             Requested size: 215.56593pt x 248.6975pt.

Underfull \hbox (badness 10000) in paragraph at lines 1031--1037

 []

[64pdfTeX warning (ext4): destination with the same identifier (name{figure.3.7
}) has been already used, duplicate ignored

\AtBegShi@Output ...ipout \box \AtBeginShipoutBox 
                                                  \fi \fi 
l.1038 \subsection{
                   Operating System and Internet Connection} <C:/Users/lyoneida
stu/Documents/GitHub/high-performance-network/picture/powerDesign.jpg>]
Underfull \hbox (badness 10000) in paragraph at lines 1039--1040

 []


Underfull \hbox (badness 10000) in paragraph at lines 1041--1042

 []


Underfull \hbox (badness 10000) in paragraph at lines 1043--1045

 []

[65pdfTeX warning (ext4): destination with the same identifier (name{figure.3.8
}) has been already used, duplicate ignored

\AtBegShi@Output ...ipout \box \AtBeginShipoutBox 
                                                  \fi \fi 
l.1045 \subsubsection{
                      Interacting with the cluster: ssh terminal and VNC} <C:/U
sers/lyoneidastu/Documents/GitHub/high-performance-network/picture/LogicDesign.
jpg>] <picture/terminal.jpg, id=1075, 1479.5275pt x 644.4075pt>
File: picture/terminal.jpg Graphic file (type jpg)

<use picture/terminal.jpg>
Package pdftex.def Info: picture/terminal.jpg used on input line 1049.
(pdftex.def)             Requested size: 388.01605pt x 168.99725pt.

Underfull \hbox (badness 10000) in paragraph at lines 1046--1052

 []

<picture/mpi-setup/setpsMPICH2.jpg, id=1076, 5690.25874pt x 1043.9pt>
File: picture/mpi-setup/setpsMPICH2.jpg Graphic file (type jpg)

<use picture/mpi-setup/setpsMPICH2.jpg>
Package pdftex.def Info: picture/mpi-setup/setpsMPICH2.jpg used on input line 1
058.
(pdftex.def)             Requested size: 388.01605pt x 71.16902pt.

Underfull \hbox (badness 10000) in paragraph at lines 1054--1061

 []

[66pdfTeX warning (ext4): destination with the same identifier (name{figure.3.9
}) has been already used, duplicate ignored

\AtBegShi@Output ...ipout \box \AtBeginShipoutBox 
                                                  \fi \fi 
l.1061 \end{figure}
                    <C:/Users/lyoneidastu/Documents/GitHub/high-performance-net
work/picture/terminal.jpg>]

LaTeX Warning: Citation 'fig:LogicDesign' on page 67 undefined on input line 10
66.

[67pdfTeX warning (ext4): destination with the same identifier (name{figure.3.1
0}) has been already used, duplicate ignored

\AtBegShi@Output ...ipout \box \AtBeginShipoutBox 
                                                  \fi \fi 
l.1071 \end{itemize}
                     <C:/Users/lyoneidastu/Documents/GitHub/high-performance-ne
twork/picture/mpi-setup/setpsMPICH2.jpg>]
<picture/sender-diagram.jpg, id=1090, 364.36125pt x 375.65344pt>
File: picture/sender-diagram.jpg Graphic file (type jpg)

<use picture/sender-diagram.jpg>
Package pdftex.def Info: picture/sender-diagram.jpg used on input line 1078.
(pdftex.def)             Requested size: 215.56593pt x 222.24692pt.

Underfull \hbox (badness 10000) in paragraph at lines 1082--1085

 []

[68pdfTeX warning (ext4): destination with the same identifier (name{figure.3.1
1}) has been already used, duplicate ignored

\AtBegShi@Output ...ipout \box \AtBeginShipoutBox 
                                                  \fi \fi 
l.1085 \subsubsection{
                      Transforming data loss rate to session failure rate} <C:/
Users/lyoneidastu/Documents/GitHub/high-performance-network/picture/sender-diag
ram.jpg>]
Missing character: There is no ï in font cmr10!
Missing character: There is no ¼ in font cmr10!
Missing character: There is no Œ in font cmr10!
 <picture/udpsender.jpg, id=1095, 787.44188pt x 319.1925pt>
File: picture/udpsender.jpg Graphic file (type jpg)

<use picture/udpsender.jpg>
Package pdftex.def Info: picture/udpsender.jpg used on input line 1090.
(pdftex.def)             Requested size: 301.791pt x 122.33182pt.

Underfull \hbox (badness 10000) in paragraph at lines 1086--1093

 []

Missing character: There is no ï in font cmr10!
Missing character: There is no ¼ in font cmr10!
Missing character: There is no Œ in font cmr10!
[69pdfTeX warning (ext4): destination with the same identifier (name{figure.3.1
2}) has been already used, duplicate ignored

\AtBegShi@Output ...ipout \box \AtBeginShipoutBox 
                                                  \fi \fi 
l.1100 \begin{itemize}
                       <C:/Users/lyoneidastu/Documents/GitHub/high-performance-
network/picture/udpsender.jpg>]
Underfull \hbox (badness 10000) in paragraph at lines 1105--1106

 []


Underfull \hbox (badness 10000) in paragraph at lines 1113--1114

 []

[70]
Overfull \hbox (31.0195pt too wide) in paragraph at lines 1121--1125
\OT1/cmr/m/n/10.95 We uses Busi-ness Pro-cess Model and No-ta-tion to show the 
flow con-trol of our application([]Dijkman,
 []


<"picture/Dual sender data flow diagram - Page 1".jpeg, id=1108, 794.97pt x 614
.295pt>
File: "picture/Dual sender data flow diagram - Page 1".jpeg Graphic file (type 
jpg)
 <use "picture/Dual sender data flow diagram - Page 1".jpeg>
Package pdftex.def Info: "picture/Dual sender data flow diagram - Page 1".jpeg 
used on input line 1133.
(pdftex.def)             Requested size: 431.13188pt x 333.15785pt.

Underfull \hbox (badness 10000) in paragraph at lines 1127--1136

 []

[71] [72pdfTeX warning (ext4): destination with the same identifier (name{figur
e.3.13}) has been already used, duplicate ignored

\AtBegShi@Output ...ipout \box \AtBeginShipoutBox 
                                                  \fi \fi 
l.1143 \end{itemize}
                     <C:/Users/lyoneidastu/Documents/GitHub/high-performance-ne
twork/picture/Dual sender data flow diagram - Page 1.jpeg>]
Missing character: There is no ï in font cmr10!
Missing character: There is no ¼ in font cmr10!
Missing character: There is no š in font cmr10!

<picture/receiverBlueprint.jpg, id=1120, 771.63281pt x 311.66437pt>
File: picture/receiverBlueprint.jpg Graphic file (type jpg)

<use picture/receiverBlueprint.jpg>
Package pdftex.def Info: picture/receiverBlueprint.jpg used on input line 1150.

(pdftex.def)             Requested size: 215.56593pt x 87.06569pt.

<"picture/Dual-feed handler flow chart - Page 1".jpeg, id=1121, 533.3526pt x 41
6.757pt>
File: "picture/Dual-feed handler flow chart - Page 1".jpeg Graphic file (type j
pg)
 <use "picture/Dual-feed handler flow chart - Page 1".jpeg>
Package pdftex.def Info: "picture/Dual-feed handler flow chart - Page 1".jpeg u
sed on input line 1163.
(pdftex.def)             Requested size: 388.01605pt x 303.19353pt.
 [73pdfTeX warning (ext4): destination with the same identifier (name{figure.3.
14}) has been already used, duplicate ignored

\AtBegShi@Output ...ipout \box \AtBeginShipoutBox 
                                                  \fi \fi 
l.1167 T
        he initialization of the handler can receive configuration files in ...
 <C:/Users/lyoneidastu/Documents/GitHub/high-performance-network/picture/receiv
erBlueprint.jpg>]
Missing character: There is no ï in font cmr10!
Missing character: There is no ¼ in font cmr10!
Missing character: There is no š in font cmr10!

Underfull \hbox (badness 10000) in paragraph at lines 1167--1170

 []

[74pdfTeX warning (ext4): destination with the same identifier (name{figure.3.1
5}) has been already used, duplicate ignored

\AtBegShi@Output ...ipout \box \AtBeginShipoutBox 
                                                  \fi \fi 
l.1177 \begin{itemize}
                       <C:/Users/lyoneidastu/Documents/GitHub/high-performance-
network/picture/Dual-feed handler flow chart - Page 1.jpeg>]
<picture/controllerBlueprint.jpg, id=1133, 917.4275pt x 834.11626pt>
File: picture/controllerBlueprint.jpg Graphic file (type jpg)

<use picture/controllerBlueprint.jpg>
Package pdftex.def Info: picture/controllerBlueprint.jpg used on input line 118
3.
(pdftex.def)             Requested size: 431.13188pt x 391.98378pt.
Package hyperref Info: bookmark level for unknown lstlisting defaults to 0 on i
nput line 1190.
 [75] [76pdfTeX warning (ext4): destination with the same identifier (name{figu
re.3.16}) has been already used, duplicate ignored

\AtBegShi@Output ...ipout \box \AtBeginShipoutBox 
                                                  \fi \fi 
l.1195 \end{lstlisting}
                        <C:/Users/lyoneidastu/Documents/GitHub/high-performance
-network/picture/controllerBlueprint.jpg>]
<"picture/Controller data flow diagram - Page 1".jpeg, id=1146, 794.97pt x 416.
5161pt>
File: "picture/Controller data flow diagram - Page 1".jpeg Graphic file (type j
pg)
 <use "picture/Controller data flow diagram - Page 1".jpeg>
Package pdftex.def Info: "picture/Controller data flow diagram - Page 1".jpeg u
sed on input line 1199.
(pdftex.def)             Requested size: 431.13188pt x 225.89409pt.

Underfull \hbox (badness 10000) in paragraph at lines 1196--1202

 []


Underfull \hbox (badness 10000) in paragraph at lines 1203--1205

 []


Underfull \hbox (badness 10000) in paragraph at lines 1206--1207

 []

[77pdfTeX warning (ext4): destination with the same identifier (name{figure.3.1
7}) has been already used, duplicate ignored

\AtBegShi@Output ...ipout \box \AtBeginShipoutBox 
                                                  \fi \fi 
l.1207 \subsection{
                   Communicator design} <C:/Users/lyoneidastu/Documents/GitHub/
high-performance-network/picture/Controller data flow diagram - Page 1.jpeg>]
Underfull \hbox (badness 10000) in paragraph at lines 1214--1215

 []


Overfull \hbox (26.3208pt too wide) in paragraph at lines 1221--1228
 [][] 
 []

[78] [79pdfTeX warning (ext4): destination with the same identifier (name{table
.3.5}) has been already used, duplicate ignored

\AtBegShi@Output ...ipout \box \AtBeginShipoutBox 
                                                  \fi \fi 
l.1249 	\item[2.]
                  Pushing the pseudo header, UDP header with the payload of ...
]
Underfull \hbox (badness 10000) in paragraph at lines 1255--1257

 []

<picture/skeletonProj.jpg, id=1164, 840.64063pt x 351.81438pt>
File: picture/skeletonProj.jpg Graphic file (type jpg)

<use picture/skeletonProj.jpg>
Package pdftex.def Info: picture/skeletonProj.jpg used on input line 1262.
(pdftex.def)             Requested size: 388.01605pt x 162.3895pt.
 [80pdfTeX warning (ext4): destination with the same identifier (name{figure.3.
18}) has been already used, duplicate ignored

\AtBegShi@Output ...ipout \box \AtBeginShipoutBox 
                                                  \fi \fi 
l.1280 \end{table}
                   <C:/Users/lyoneidastu/Documents/GitHub/high-performance-netw
ork/picture/skeletonProj.jpg>] [81pdfTeX warning (ext4): destination with the s
ame identifier (name{table.3.6}) has been already used, duplicate ignored

\AtBegShi@Output ...ipout \box \AtBeginShipoutBox 
                                                  \fi \fi 
l.1288 \chapter{
                Experiment Requirements, Procedure, and Results}]
Chapter 4.
<picture/photo/cluster.jpg, id=1175, 1284.8pt x 721.69624pt>
File: picture/photo/cluster.jpg Graphic file (type jpg)

<use picture/photo/cluster.jpg>
Package pdftex.def Info: picture/photo/cluster.jpg used on input line 1291.
(pdftex.def)             Requested size: 301.791pt x 169.52155pt.

Underfull \hbox (badness 10000) in paragraph at lines 1295--1298

 []

[82

pdfTeX warning (ext4): destination with the same identifier (name{figure.4.1}) 
has been already used, duplicate ignored

\AtBegShi@Output ...ipout \box \AtBeginShipoutBox 
                                                  \fi \fi 
l.1298 \newpage
                <C:/Users/lyoneidastu/Documents/GitHub/high-performance-network
/picture/photo/cluster.jpg>]
Overfull \hbox (14.18799pt too wide) in paragraph at lines 1305--1312
 [][] 
 []


Underfull \hbox (badness 10000) in paragraph at lines 1313--1315

 []


Overfull \hbox (1.51532pt too wide) in paragraph at lines 1317--1319
\OT1/cmr/m/n/10.95 There are two dif-fer-ent met-rics sys-tem: the an-a-lyt-i-c
al met-rics and em-pir-i-cal metrics([]Paxson,
 []


Underfull \hbox (badness 10000) in paragraph at lines 1317--1319

 []

[83pdfTeX warning (ext4): destination with the same identifier (name{table.4.1}
) has been already used, duplicate ignored

\AtBegShi@Output ...ipout \box \AtBeginShipoutBox 
                                                  \fi \fi 
l.1323 	\item \textbf
                     {Cluster}: in this project, a cluster is specifically r...
]
Overfull \hbox (16.78575pt too wide) in paragraph at lines 1355--1362
 [][] 
 []

[84pdfTeX warning (ext4): destination with the same identifier (name{table.4.2}
) has been already used, duplicate ignored

\AtBegShi@Output ...ipout \box \AtBeginShipoutBox 
                                                  \fi \fi 
l.1363 \subsection{
                   Choice on inputs}] [85pdfTeX warning (ext4): destination wit
h the same identifier (name{table.4.3}) has been already used, duplicate ignore
d

\AtBegShi@Output ...ipout \box \AtBeginShipoutBox 
                                                  \fi \fi 
l.1383 	\item N
               o data lost in source and transmission]
<picture/Exp1.jpg, id=1197, 319.94531pt x 167.12437pt>
File: picture/Exp1.jpg Graphic file (type jpg)
 <use picture/Exp1.jpg>
Package pdftex.def Info: picture/Exp1.jpg used on input line 1391.
(pdftex.def)             Requested size: 215.56593pt x 112.60262pt.

Underfull \hbox (badness 10000) in paragraph at lines 1388--1394

 []

[86pdfTeX warning (ext4): destination with the same identifier (name{figure.4.2
}) has been already used, duplicate ignored

\AtBegShi@Output ...ipout \box \AtBeginShipoutBox 
                                                  \fi \fi 
l.1413 W
        e made 1000 independent session in sequence. <C:/Users/lyoneidastu/Docu
ments/GitHub/high-performance-network/picture/Exp1.jpg>]
<picture/experiments/exp1/latency.png, id=1203, 637.38126pt x 402.50375pt>
File: picture/experiments/exp1/latency.png Graphic file (type png)

<use picture/experiments/exp1/latency.png>
Package pdftex.def Info: picture/experiments/exp1/latency.png used on input lin
e 1417.
(pdftex.def)             Requested size: 258.68175pt x 163.35706pt.

Underfull \hbox (badness 10000) in paragraph at lines 1438--1439

 []

[87pdfTeX warning (ext4): destination with the same identifier (name{table.4.4}
) has been already used, duplicate ignored

\AtBegShi@Output ...ipout \box \AtBeginShipoutBox 
                                                  \fi \fi 
l.1439 \subsubsection{
                      Inputs}pdfTeX warning (ext4): destination with the same i
dentifier (name{figure.4.3}) has been already used, duplicate ignored

\AtBegShi@Output ...ipout \box \AtBeginShipoutBox 
                                                  \fi \fi 
l.1439 \subsubsection{
                      Inputs}pdfTeX warning (ext4): destination with the same i
dentifier (name{table.4.5}) has been already used, duplicate ignored

\AtBegShi@Output ...ipout \box \AtBeginShipoutBox 
                                                  \fi \fi 
l.1439 \subsubsection{
                      Inputs} <C:/Users/lyoneidastu/Documents/GitHub/high-perfo
rmance-network/picture/experiments/exp1/latency.png>]
<picture/experiments/exp1/dataLoss.png, id=1213, 637.38126pt x 420.57124pt>
File: picture/experiments/exp1/dataLoss.png Graphic file (type png)

<use picture/experiments/exp1/dataLoss.png>
Package pdftex.def Info: picture/experiments/exp1/dataLoss.png used on input li
ne 1460.
(pdftex.def)             Requested size: 301.791pt x 199.13167pt.

Underfull \hbox (badness 10000) in paragraph at lines 1454--1463

 []

[88pdfTeX warning (ext4): destination with the same identifier (name{table.4.6}
) has been already used, duplicate ignored

\AtBegShi@Output ...ipout \box \AtBeginShipoutBox 
                                                  \fi \fi 
l.1463 \end{figure}
                   ]
Underfull \hbox (badness 10000) in paragraph at lines 1465--1466

 []


Underfull \hbox (badness 10000) in paragraph at lines 1482--1483

 []

[89pdfTeX warning (ext4): destination with the same identifier (name{figure.4.4
}) has been already used, duplicate ignored

\AtBegShi@Output ...ipout \box \AtBeginShipoutBox 
                                                  \fi \fi 
l.1483 \subsubsection{
                      Results and analysis}pdfTeX warning (ext4): destination w
ith the same identifier (name{table.4.7}) has been already used, duplicate igno
red

\AtBegShi@Output ...ipout \box \AtBeginShipoutBox 
                                                  \fi \fi 
l.1483 \subsubsection{
                      Results and analysis} <C:/Users/lyoneidastu/Documents/Git
Hub/high-performance-network/picture/experiments/exp1/dataLoss.png>]
<picture/experiments/exp1/lostConnect.png, id=1229, 624.3325pt x 393.47pt>
File: picture/experiments/exp1/lostConnect.png Graphic file (type png)

<use picture/experiments/exp1/lostConnect.png>
Package pdftex.def Info: picture/experiments/exp1/lostConnect.png used on input
 line 1488.
(pdftex.def)             Requested size: 301.791pt x 190.1963pt.

<picture/exp3.jpg, id=1231, 963.6pt x 400.49625pt>
File: picture/exp3.jpg Graphic file (type jpg)
 <use picture/exp3.jpg>
Package pdftex.def Info: picture/exp3.jpg used on input line 1506.
(pdftex.def)             Requested size: 344.90681pt x 143.34743pt.

Underfull \hbox (badness 10000) in paragraph at lines 1501--1509

 []

[90pdfTeX warning (ext4): destination with the same identifier (name{figure.4.5
}) has been already used, duplicate ignored

\AtBegShi@Output ...ipout \box \AtBeginShipoutBox 
                                                  \fi \fi 
l.1509 \end{figure}
                    <C:/Users/lyoneidastu/Documents/GitHub/high-performance-net
work/picture/experiments/exp1/lostConnect.png>]
<picture/experiments/exp2/dualLatency.png, id=1239, 637.38126pt x 454.69875pt>
File: picture/experiments/exp2/dualLatency.png Graphic file (type png)

<use picture/experiments/exp2/dualLatency.png>
Package pdftex.def Info: picture/experiments/exp2/dualLatency.png used on input
 line 1531.
(pdftex.def)             Requested size: 301.791pt x 215.29033pt.
 [91pdfTeX warning (ext4): destination with the same identifier (name{figure.4.
6}) has been already used, duplicate ignored

\AtBegShi@Output ...ipout \box \AtBeginShipoutBox 
                                                  \fi \fi 
l.1535 T
        he average transmission time cost is 41.0039982666ms. This result sh...
pdfTeX warning (ext4): destination with the same identifier (name{table.4.8}) h
as been already used, duplicate ignored

\AtBegShi@Output ...ipout \box \AtBeginShipoutBox 
                                                  \fi \fi 
l.1535 T
        he average transmission time cost is 41.0039982666ms. This result sh...
 <C:/Users/lyoneidastu/Documents/GitHub/high-performance-network/picture/exp3.j
pg>]
Underfull \hbox (badness 10000) in paragraph at lines 1535--1547

 []

[92pdfTeX warning (ext4): destination with the same identifier (name{figure.4.7
}) has been already used, duplicate ignored

\AtBegShi@Output ...ipout \box \AtBeginShipoutBox 
                                                  \fi \fi 
l.1567 \subsubsection{
                      Results and analysis}pdfTeX warning (ext4): destination w
ith the same identifier (name{table.4.9}) has been already used, duplicate igno
red

\AtBegShi@Output ...ipout \box \AtBeginShipoutBox 
                                                  \fi \fi 
l.1567 \subsubsection{
                      Results and analysis} <C:/Users/lyoneidastu/Documents/Git
Hub/high-performance-network/picture/experiments/exp2/dualLatency.png>]
<picture/experiments/exp2/oneDataLost.png, id=1255, 637.38126pt x 426.59375pt>
File: picture/experiments/exp2/oneDataLost.png Graphic file (type png)

<use picture/experiments/exp2/oneDataLost.png>
Package pdftex.def Info: picture/experiments/exp2/oneDataLost.png used on input
 line 1571.
(pdftex.def)             Requested size: 301.791pt x 201.9832pt.

Underfull \hbox (badness 10000) in paragraph at lines 1568--1574

 []


Underfull \hbox (badness 10000) in paragraph at lines 1575--1577

 []

[93pdfTeX warning (ext4): destination with the same identifier (name{table.4.10
}) has been already used, duplicate ignored

\AtBegShi@Output ...ipout \box \AtBeginShipoutBox 
                                                  \fi \fi 
l.1577 
       pdfTeX warning (ext4): destination with the same identifier (name{figure
.4.8}) has been already used, duplicate ignored

\AtBegShi@Output ...ipout \box \AtBeginShipoutBox 
                                                  \fi \fi 
l.1577 
        <C:/Users/lyoneidastu/Documents/GitHub/high-performance-network/picture
/experiments/exp2/oneDataLost.png>]
Underfull \hbox (badness 10000) in paragraph at lines 1593--1594

 []


Underfull \hbox (badness 10000) in paragraph at lines 1598--1610

 []


<picture/experiments/exp2/twoDataloss.png, id=1264, 637.38126pt x 392.46625pt>
File: picture/experiments/exp2/twoDataloss.png Graphic file (type png)

<use picture/experiments/exp2/twoDataloss.png>
Package pdftex.def Info: picture/experiments/exp2/twoDataloss.png used on input
 line 1613.
(pdftex.def)             Requested size: 301.791pt x 185.82454pt.
 [94pdfTeX warning (ext4): destination with the same identifier (name{table.4.1
1}) has been already used, duplicate ignored

\AtBegShi@Output ...ipout \box \AtBeginShipoutBox 
                                                  \fi \fi 
l.1617 \subsection{
                   Experiment set 3: Dual feeds processed with MPI processor...
pdfTeX warning (ext4): destination with the same identifier (name{table.4.12}) 
has been already used, duplicate ignored

\AtBegShi@Output ...ipout \box \AtBeginShipoutBox 
                                                  \fi \fi 
l.1617 \subsection{
                   Experiment set 3: Dual feeds processed with MPI processor...
] <picture/experiments/exp3/delay_overall.jpg, id=1272, 1308.89pt x 995.72pt>
File: picture/experiments/exp3/delay_overall.jpg Graphic file (type jpg)

<use picture/experiments/exp3/delay_overall.jpg>
Package pdftex.def Info: picture/experiments/exp3/delay_overall.jpg used on inp
ut line 1623.
(pdftex.def)             Requested size: 431.13188pt x 327.96568pt.

Underfull \hbox (badness 10000) in paragraph at lines 1618--1626

 []

[95pdfTeX warning (ext4): destination with the same identifier (name{figure.4.9
}) has been already used, duplicate ignored

\AtBegShi@Output ...ipout \box \AtBeginShipoutBox 
                                                  \fi \fi 
l.1627 W
        e design the two subsets of experiments:the hardware environment of ...
 <C:/Users/lyoneidastu/Documents/GitHub/high-performance-network/picture/experi
ments/exp2/twoDataloss.png>]
Underfull \hbox (badness 10000) in paragraph at lines 1633--1637

 []

[96pdfTeX warning (ext4): destination with the same identifier (name{figure.4.1
0}) has been already used, duplicate ignored

\AtBegShi@Output ...ipout \box \AtBeginShipoutBox 
                                                  \fi \fi 
l.1637 \subsection{
                   Additional Experiment: Dual feeds processed with MPI proc...
 <C:/Users/lyoneidastu/Documents/GitHub/high-performance-network/picture/experi
ments/exp3/delay_overall.jpg>]
<picture/addExperi.jpg, id=1284, 663.98062pt x 312.41719pt>
File: picture/addExperi.jpg Graphic file (type jpg)

<use picture/addExperi.jpg>
Package pdftex.def Info: picture/addExperi.jpg used on input line 1641.
(pdftex.def)             Requested size: 301.791pt x 141.99748pt.

Underfull \hbox (badness 10000) in paragraph at lines 1638--1644

 []

<picture/experiments/exp4/latency.png, id=1286, 637.38126pt x 393.47pt>
File: picture/experiments/exp4/latency.png Graphic file (type png)

<use picture/experiments/exp4/latency.png>
Package pdftex.def Info: picture/experiments/exp4/latency.png used on input lin
e 1651.
(pdftex.def)             Requested size: 301.791pt x 186.29979pt.

Underfull \hbox (badness 10000) in paragraph at lines 1646--1654

 []

[97pdfTeX warning (ext4): destination with the same identifier (name{figure.4.1
1}) has been already used, duplicate ignored

\AtBegShi@Output ...ipout \box \AtBeginShipoutBox 
                                                  \fi \fi 
l.1654 \end{figure}
                    <C:/Users/lyoneidastu/Documents/GitHub/high-performance-net
work/picture/addExperi.jpg>]
Underfull \hbox (badness 10000) in paragraph at lines 1659--1660

 []

[98pdfTeX warning (ext4): destination with the same identifier (name{figure.4.1
2}) has been already used, duplicate ignored

\AtBegShi@Output ...ipout \box \AtBeginShipoutBox 
                                                  \fi \fi 
l.1674 B
        oth A source and B source follow uses the same parameters.\\ <C:/Users/
lyoneidastu/Documents/GitHub/high-performance-network/picture/experiments/exp4/
latency.png>]
Underfull \hbox (badness 10000) in paragraph at lines 1674--1675

 []


<./picture/experiments/exp4/dataLoss_compare.jpg, id=1298, 1301.86375pt x 910.4
0125pt>
File: ./picture/experiments/exp4/dataLoss_compare.jpg Graphic file (type jpg)
 <use ./picture/experiments/exp4/dataLoss_compare.jpg>
Package pdftex.def Info: ./picture/experiments/exp4/dataLoss_compare.jpg used o
n input line 1678.
(pdftex.def)             Requested size: 431.13188pt x 301.48909pt.

Underfull \hbox (badness 10000) in paragraph at lines 1682--1686

 []

[99pdfTeX warning (ext4): destination with the same identifier (name{table.4.13
}) has been already used, duplicate ignored

\AtBegShi@Output ...ipout \box \AtBeginShipoutBox 
                                                  \fi \fi 
l.1686 \section{
                Analysis and Conclusion}pdfTeX warning (ext4): destination with
 the same identifier (name{figure.4.13}) has been already used, duplicate ignor
ed

\AtBegShi@Output ...ipout \box \AtBeginShipoutBox 
                                                  \fi \fi 
l.1686 \section{
                Analysis and Conclusion} <C:/Users/lyoneidastu/Documents/GitHub
/high-performance-network/picture/experiments/exp4/dataLoss_compare.jpg>]
[100] [101]
Chapter 5.

Overfull \hbox (17.9105pt too wide) in paragraph at lines 1706--1713
 [][] 
 []

[102

pdfTeX warning (ext4): destination with the same identifier (name{table.5.1}) h
as been already used, duplicate ignored

\AtBegShi@Output ...ipout \box \AtBeginShipoutBox 
                                                  \fi \fi 
l.1714 \newpage
               ]
<picture/photo/fourScene.jpg, id=1318, 2569.6pt x 1443.3925pt>
File: picture/photo/fourScene.jpg Graphic file (type jpg)

<use picture/photo/fourScene.jpg>
Package pdftex.def Info: picture/photo/fourScene.jpg used on input line 1720.
(pdftex.def)             Requested size: 388.01605pt x 217.95314pt.

Underfull \hbox (badness 10000) in paragraph at lines 1716--1723

 []


Underfull \hbox (badness 10000) in paragraph at lines 1725--1726

 []

Missing character: There is no ï in font cmr10!
Missing character: There is no ¼ in font cmr10!
Missing character: There is no Œ in font cmr10!

Underfull \hbox (badness 10000) in paragraph at lines 1727--1729

 []

[103pdfTeX warning (ext4): destination with the same identifier (name{figure.5.
1}) has been already used, duplicate ignored

\AtBegShi@Output ...ipout \box \AtBeginShipoutBox 
                                                  \fi \fi 
l.1729 \subsection{
                   Data sender} <C:/Users/lyoneidastu/Documents/GitHub/high-per
formance-network/picture/photo/fourScene.jpg>]
Underfull \hbox (badness 10000) in paragraph at lines 1737--1741

 []

[104]
Underfull \hbox (badness 10000) in paragraph at lines 1742--1745

 []


Underfull \hbox (badness 10000) in paragraph at lines 1746--1748

 []


Underfull \hbox (badness 10000) in paragraph at lines 1754--1758

 []

[105]
Underfull \hbox (badness 10000) in paragraph at lines 1759--1760

 []


Underfull \hbox (badness 10000) in paragraph at lines 1761--1764

 []


LaTeX Warning: Reference `usbtogb' on page 106 undefined on input line 1765.

<picture/usbtogb.jpg, id=1331, 304.13625pt x 136.00812pt>
File: picture/usbtogb.jpg Graphic file (type jpg)

<use picture/usbtogb.jpg>
Package pdftex.def Info: picture/usbtogb.jpg used on input line 1768.
(pdftex.def)             Requested size: 215.56593pt x 96.40248pt.

Underfull \hbox (badness 10000) in paragraph at lines 1765--1771

 []


Underfull \hbox (badness 10000) in paragraph at lines 1772--1773

 []

[106pdfTeX warning (ext4): destination with the same identifier (name{figure.5.
2}) has been already used, duplicate ignored

\AtBegShi@Output ...ipout \box \AtBeginShipoutBox 
                                                  \fi \fi 
l.1773 \subsubsection{
                      Comparison between the MPI solution to the GPIO solution}
 <C:/Users/lyoneidastu/Documents/GitHub/high-performance-network/picture/usbtog
b.jpg>]
Underfull \hbox (badness 10000) in paragraph at lines 1774--1775

 []


(C:\Users\lyoneidastu\Documents\GitHub\high-performance-network\Dissertation.bb
l
Underfull \hbox (badness 10000) in paragraph at lines 1776--1

 []

[107]
Underfull \hbox (badness 10000) in paragraph at lines 59--59
\OT1/cmr/m/n/10.95 hp-cad-vi-so-rycoun-cil. com/pdf/building-an-rdma-capableapp
lication-with-ib-verbs.
 []

[108

]
Underfull \hbox (badness 10000) in paragraph at lines 125--125
$\OT1/cmtt/m/n/10.95 en / us / products / collateral / switches / nexus-[]3000-
[]series-[]switches / white _$
 []


Underfull \hbox (badness 6675) in paragraph at lines 135--135
[]| | \OT1/cmr/m/n/10.95 corp., R. (n.d.), `Re-alvnc on rasp-berry pi', []$\OT1
/cmtt/m/n/10.95 https : / / www . realvnc . com / docs /$
 []

Missing character: There is no â in font cmr10!
Missing character: There is no € in font cmr10!
Missing character: There is no ™ in font cmr10!

Underfull \hbox (badness 10000) in paragraph at lines 148--148
$\OT1/cmtt/m/n/10.95 media / consumer _ products / dub / dub-[]1312 / datasheet
 / dub _ 1312 _ datasheet _ en .$
 []

Missing character: There is no â in font cmr10!
Missing character: There is no € in font cmr10!
Missing character: There is no ™ in font cmr10!
[109]
Missing character: There is no â in font cmr10!
Missing character: There is no € in font cmr10!
Missing character: There is no ™ in font cmr10!
 [110]
Underfull \hbox (badness 10000) in paragraph at lines 288--288
[]| | \OT1/cmr/m/n/10.95 Jain, V. (n.d.), `A low-latency so-lu-tion for high fr
e-quency trad-ing from
 []


Underfull \hbox (badness 10000) in paragraph at lines 288--288
\OT1/cmr/m/n/10.95 ibm and mel-lanox', []$\OT1/cmtt/m/n/10.95 http : / / www . 
mellanox . com / pdf / whitepapers /$
 []


Underfull \hbox (badness 10000) in paragraph at lines 288--288
$\OT1/cmtt/m/n/10.95 Low-[]Latency-[]Solution-[]for-[]High-[]Frequency-[]Tradin
g-[]from-[]IBM-[]and-[]Mellanox .$
 []

Missing character: There is no â in font cmr10!
Missing character: There is no € in font cmr10!
Missing character: There is no ™ in font cmr10!
Missing character: There is no Â in font cmr10!
Missing character: There is no · in font cmr10!
[111] [112]
Underfull \hbox (badness 8189) in paragraph at lines 454--454
[]| | \OT1/cmr/m/n/10.95 org., R. P. (n.d.\OT1/cmr/m/it/10.95 c\OT1/cmr/m/n/10.
95 ), `Vnc on rasp-berry pi', []$\OT1/cmtt/m/n/10.95 https : / / www . raspberr
ypi . org /$
 []


Underfull \hbox (badness 1596) in paragraph at lines 459--459
[]| | \OT1/cmr/m/n/10.95 org, T. M. (n.d.\OT1/cmr/m/it/10.95 d\OT1/cmr/m/n/10.9
5 ), `Mpi4py doc-u-men-ta-tion', []$\OT1/cmtt/m/n/10.95 https : / / pythonhoste
d . org / mpi4py /$
 []


Underfull \hbox (badness 5274) in paragraph at lines 465--465
[]| | \OT1/cmr/m/n/10.95 org, T. S. (n.d.\OT1/cmr/m/it/10.95 e\OT1/cmr/m/n/10.9
5 ), `Scipy doc-u-men-ta-tion', []$\OT1/cmtt/m/n/10.95 http : / / docs . scipy 
. org / doc / scipy /$
 []

[113]
Underfull \hbox (badness 3209) in paragraph at lines 514--514
[]| | \OT1/cmr/m/n/10.95 reg-is-ter .Inc, T. (n.d.), `Re-view: Bea-gle-board be
a-gle-bone black', []$\OT1/cmtt/m/n/10.95 http : / / www .$
 []

Missing character: There is no â in font cmr10!
Missing character: There is no € in font cmr10!
Missing character: There is no ” in font cmr10!
[114]) [115]
Appendix A.

Package hyperref Warning: Token not allowed in a PDF string (PDFDocEncoding):
(hyperref)                removing `math shift' on input line 1788.


Package hyperref Warning: Token not allowed in a PDF string (PDFDocEncoding):
(hyperref)                removing `\phi' on input line 1788.


Package hyperref Warning: Token not allowed in a PDF string (PDFDocEncoding):
(hyperref)                removing `math shift' on input line 1788.

[116

]
Appendix B.
[117

]
Appendix C.
[118

]
Appendix D.
[119

]
(C:\Users\lyoneidastu\Documents\GitHub\high-performance-network\yourCodeFile.ja
va
LaTeX Font Info:    Font shape `OMS/cmr/m/n' in size <8> not available
(Font)              Font shape `OMS/cmsy/m/n' tried instead on input line 2.
) [120

]
Package atveryend Info: Empty hook `BeforeClearDocument' on input line 1828.
Package atveryend Info: Empty hook `AfterLastShipout' on input line 1828.

(C:\Users\lyoneidastu\Documents\GitHub\high-performance-network\Dissertation.au
x)
Package atveryend Info: Executing hook `AtVeryEndDocument' on input line 1828.
Package atveryend Info: Executing hook `AtEndAfterFileList' on input line 1828.

Package rerunfilecheck Info: File `Dissertation.out' has not changed.
(rerunfilecheck)             Checksum: 37DA88EA9A578D116BBA48193D5422C6;6661.


LaTeX Warning: There were undefined references.


LaTeX Warning: There were multiply-defined labels.

Package atveryend Info: Empty hook `AtVeryVeryEnd' on input line 1828.
 ) 
Here is how much of TeX's memory you used:
 11443 strings out of 493921
 172411 string characters out of 3147265
 316295 words of memory out of 3000000
 14001 multiletter control sequences out of 15000+200000
 15273 words of font info for 54 fonts, out of 3000000 for 9000
 841 hyphenation exceptions out of 8191
 48i,16n,40p,1483b,1104s stack positions out of 5000i,500n,10000p,200000b,50000s
<C:/Program Files/MiKTeX 2.9/fonts/type1/public/amsfonts/cm/cmbx10.pfb><C:/Pr
ogram Files/MiKTeX 2.9/fonts/type1/public/amsfonts/cm/cmbx12.pfb><C:/Program Fi
les/MiKTeX 2.9/fonts/type1/public/amsfonts/cm/cmbx8.pfb><C:/Program Files/MiKTe
X 2.9/fonts/type1/public/amsfonts/cm/cmex10.pfb><C:/Program Files/MiKTeX 2.9/fo
nts/type1/public/amsfonts/cmextra/cmex8.pfb><C:/Program Files/MiKTeX 2.9/fonts/
type1/public/amsfonts/cm/cmmi10.pfb><C:/Program Files/MiKTeX 2.9/fonts/type1/pu
blic/amsfonts/cm/cmmi12.pfb><C:/Program Files/MiKTeX 2.9/fonts/type1/public/ams
fonts/cm/cmmi6.pfb><C:/Program Files/MiKTeX 2.9/fonts/type1/public/amsfonts/cm/
cmmi8.pfb><C:/Program Files/MiKTeX 2.9/fonts/type1/public/amsfonts/cm/cmr10.pfb
><C:/Program Files/MiKTeX 2.9/fonts/type1/public/amsfonts/cm/cmr12.pfb><C:/Prog
ram Files/MiKTeX 2.9/fonts/type1/public/amsfonts/cm/cmr17.pfb><C:/Program Files
/MiKTeX 2.9/fonts/type1/public/amsfonts/cm/cmr6.pfb><C:/Program Files/MiKTeX 2.
9/fonts/type1/public/amsfonts/cm/cmr8.pfb><C:/Program Files/MiKTeX 2.9/fonts/ty
pe1/public/amsfonts/cm/cmsl10.pfb><C:/Program Files/MiKTeX 2.9/fonts/type1/publ
ic/amsfonts/cm/cmsy10.pfb><C:/Program Files/MiKTeX 2.9/fonts/type1/public/amsfo
nts/cm/cmsy6.pfb><C:/Program Files/MiKTeX 2.9/fonts/type1/public/amsfonts/cm/cm
sy8.pfb><C:/Program Files/MiKTeX 2.9/fonts/type1/public/amsfonts/cm/cmti10.pfb>
<C:/Program Files/MiKTeX 2.9/fonts/type1/public/amsfonts/cm/cmti8.pfb><C:/Progr
am Files/MiKTeX 2.9/fonts/type1/public/amsfonts/cm/cmtt10.pfb>
Output written on Dissertation.pdf (133 pages, 12831882 bytes).
PDF statistics:
 1754 PDF objects out of 2073 (max. 8388607)
 543 named destinations out of 1000 (max. 500000)
 980 words of extra memory for PDF output out of 10000 (max. 10000000)

